Log created: 2016-08-10T02:36:43.283960600Z
Executable: C:\Program Files\Oracle\VirtualBox\VirtualBox.exe
Commandline: 60eaff78-4bdd-042d-2e72-669728efd737-suplib-3rdchild --startvm "BoneOS" 
fatal error in recompiler cpu: Trying to execute code with memory type addr_code=000000001e101020 addend=ffffffffe9a85000 at 000000001e101ea4. (iHandlerMemType=0x38 iMMIOMemType=0x30)

!!!!!!!!!!!!!!!!!!!!!!!!!!!!!!!!!!!!!!!!!!!!!!!!!!!!!!!!!!!!!!!!!!!!!!
!!
!!                 Guru Meditation -2301 (VERR_REM_VIRTUAL_CPU_ERROR)
!!
!!
!! {mappings, <NULL>}
!!

The mappings are DISABLED.
00000000ff800000 - 00000000ffbfffff  Hypervisor Memory Area
!!
!! {hma, <NULL>}
!!
Hypervisor Memory Area (HMA) Layout: Base 00000000ff800000, 0x00400000 bytes
00000000ffa72000-00000000ffa73000                                   DYNAMIC                  fence
00000000ffa62000-00000000ffa72000                                   DYNAMIC                  Dynamic mapping
00000000ffa61000-00000000ffa62000                                   DYNAMIC                  fence
00000000ffa41000-00000000ffa61000 0000000009250000 0000000009250000 LOCKED                   alloc once (PDM_DEVICE_USER)
00000000ffa40000-00000000ffa41000                                   DYNAMIC                  fence
00000000ffa20000-00000000ffa40000 0000000009130000 0000000009130000 LOCKED                   alloc once (PDM_DEVICE_USER)
00000000ff9a0000-00000000ffa20000                                   MMIO2   0000000000000000 VGA VRam
00000000ff99f000-00000000ff9a0000                                   DYNAMIC                  fence
00000000ff98b000-00000000ff99f000 0000000008a10000 0000000008a10000 LOCKED                   alloc once (PDM_DEVICE)
00000000ff98a000-00000000ff98b000                                   DYNAMIC                  fence
00000000ff989000-00000000ff98a000 0000000005970000 ffffd000220b1000 HCPHYS  000000009bc33000 Core Code
00000000ff988000-00000000ff989000                                   DYNAMIC                  fence
00000000ff987000-00000000ff988000 00000000012c0000 0000000000000000 HCPHYS  000000009d2ac000 GIP
00000000ff986000-00000000ff987000                                   DYNAMIC                  fence
00000000ff945000-00000000ff986000 0000000007850000 0000000007850000 LOCKED                   alloc once (PGM_PHYS)
00000000ff944000-00000000ff945000                                   DYNAMIC                  fence
00000000ff931000-00000000ff944000 0000000005950000 0000000005950000 LOCKED                   alloc once (PGM_POOL)
00000000ff930000-00000000ff931000                                   DYNAMIC                  fence
00000000ff92b000-00000000ff930000                                   DYNAMIC                  CR3 mapping
00000000ff92a000-00000000ff92b000                                   DYNAMIC                  fence
00000000ff929000-00000000ff92a000 0000000005920000 ffffe000e1c8b000 LOCKED                   alloc once (CPUM_CTX)
00000000ff928000-00000000ff929000                                   DYNAMIC                  fence
00000000ff828000-00000000ff928000 00000000066a0000 00000000066a0000 LOCKED                   Heap
00000000ff827000-00000000ff828000                                   DYNAMIC                  fence
00000000ff801000-00000000ff827000 00000000058d0000 ffffd000226db000 LOCKED                   VM
00000000ff800000-00000000ff801000                                   DYNAMIC                  fence
!!
!! {cpumguest, verbose}
!!
Guest CPUM (VCPU 0) state: 
eax=0000001f ebx=00002000 ecx=0000001f edx=0000008e esi=00000000 edi=00000000
eip=00101ea4 esp=00103677 ebp=00107683 iopl=0     vip nv up di pl zr na pe nc
cs={0008 base=000000001e000000 limit=4fffffff flags=0000a09b} dr0=00000000 dr1=00000000
ds={0010 base=0000000000000000 limit=ffffffff flags=0000c093} dr2=00000000 dr3=00000000
es={0010 base=0000000000000000 limit=ffffffff flags=0000c093} dr4=00000000 dr5=00000000
fs={0010 base=0000000000000000 limit=ffffffff flags=0000c093} dr6=ffff0ff0 dr7=00000400
gs={0010 base=0000000000000000 limit=ffffffff flags=0000c093} cr0=00000011 cr2=00000000
ss={0010 base=0000000000000000 limit=ffffffff flags=0000c093} cr3=00000000 cr4=00000000
gdtr=0000000000103675:0017  idtr=0000000000102e60:07ff  eflags=00100002
ldtr={0000 base=00000000 limit=0000ffff flags=00000000}
tr  ={0008 base=00000580 limit=00000067 flags=0000008b}
SysEnter={cs=0000 eip=00000000 esp=00000000}
xcr=0000000000000001 xcr1=0000000000000000 xss=0000000000000000 (fXStateMask=0000000000000000)
FCW=037f FSW=0000 FTW=0000 FOP=0000 MXCSR=00001f80 MXCSR_MASK=0000ffff
FPUIP=00000000 CS=0000 Rsrvd1=0000  FPUDP=00000000 DS=0000 Rsvrd2=0000
ST(0)=FPR0={0000'00000000'00000000} t0 +0.0000000000000000000000 * 2 ^ -16383 (*)
ST(1)=FPR1={0000'00000000'00000000} t0 +0.0000000000000000000000 * 2 ^ -16383 (*)
ST(2)=FPR2={0000'00000000'00000000} t0 +0.0000000000000000000000 * 2 ^ -16383 (*)
ST(3)=FPR3={0000'00000000'00000000} t0 +0.0000000000000000000000 * 2 ^ -16383 (*)
ST(4)=FPR4={0000'00000000'00000000} t0 +0.0000000000000000000000 * 2 ^ -16383 (*)
ST(5)=FPR5={0000'00000000'00000000} t0 +0.0000000000000000000000 * 2 ^ -16383 (*)
ST(6)=FPR6={0000'00000000'00000000} t0 +0.0000000000000000000000 * 2 ^ -16383 (*)
ST(7)=FPR7={0000'00000000'00000000} t0 +0.0000000000000000000000 * 2 ^ -16383 (*)
XMM0 =00000000'00000000'00000000'00000000  XMM1 =00000000'00000000'00000000'00000000
XMM2 =00000000'00000000'00000000'00000000  XMM3 =00000000'00000000'00000000'00000000
XMM4 =00000000'00000000'00000000'00000000  XMM5 =00000000'00000000'00000000'00000000
XMM6 =00000000'00000000'00000000'00000000  XMM7 =00000000'00000000'00000000'00000000
XMM8 =00000000'00000000'00000000'00000000  XMM9 =00000000'00000000'00000000'00000000
XMM10=00000000'00000000'00000000'00000000  XMM11=00000000'00000000'00000000'00000000
XMM12=00000000'00000000'00000000'00000000  XMM13=00000000'00000000'00000000'00000000
XMM14=00000000'00000000'00000000'00000000  XMM15=00000000'00000000'00000000'00000000
EFER         =0000000000000000
PAT          =0007040600070406
STAR         =0000000000000000
CSTAR        =0000000000000000
LSTAR        =0000000000000000
SFMASK       =0000000000000000
KERNELGSBASE =0000000000000000
!!
!! {cpumguestinstr, verbose}
!!

CPUM: Disas -> VERR_PGM_INVALID_GC_PHYSICAL_ADDRESS


!!
!! {cpumhyper, verbose}
!!
Hypervisor CPUM state: 
.eax=00000000 .ebx=00000000 .ecx=00000000 .edx=00000000 .esi=00000000 .edi=00000000
.eip=00000000 .esp=ff926000 .ebp=00000000 .iopl=0           nv up di pl zr na pe nc
.cs={0000 base=0000000000000000 limit=00000000 flags=00000000} .dr0=00000000 .dr1=00000000
.ds={0000 base=0000000000000000 limit=00000000 flags=00000000} .dr2=00000000 .dr3=00000000
.es={0000 base=0000000000000000 limit=00000000 flags=00000000} .dr4=00000000 .dr5=00000000
.fs={0000 base=0000000000000000 limit=00000000 flags=00000000} .dr6=00000000 .dr7=00000400
.gs={0000 base=0000000000000000 limit=00000000 flags=00000000} .cr0=00000000 .cr2=00000000
.ss={0000 base=0000000000000000 limit=00000000 flags=00000000} .cr3=00000000 .cr4=00000000
.gdtr=0000000000000000:0000  .idtr=0000000000000000:0000  .eflags=00000000
.ldtr={0000 base=00000000 limit=00000000 flags=00000000}
.tr  ={0000 base=00000000 limit=00000000 flags=00000000}
.SysEnter={cs=0000 eip=00000000 esp=00000000}
.xcr=0000000000000000 .xcr1=0000000000000000 .xss=0000000000000000 (fXStateMask=0000000000000000)
.FCW=0000 .FSW=0000 .FTW=0000 .FOP=0000 .MXCSR=00000000 .MXCSR_MASK=00000000
.FPUIP=00000000 .CS=0000 .Rsrvd1=0000  .FPUDP=00000000 .DS=0000 .Rsvrd2=0000
.ST(0)=.FPR0={0000'00000000'00000000} t0 +0.0000000000000000000000 * 2 ^ -16383 (*)
.ST(1)=.FPR1={0000'00000000'00000000} t0 +0.0000000000000000000000 * 2 ^ -16383 (*)
.ST(2)=.FPR2={0000'00000000'00000000} t0 +0.0000000000000000000000 * 2 ^ -16383 (*)
.ST(3)=.FPR3={0000'00000000'00000000} t0 +0.0000000000000000000000 * 2 ^ -16383 (*)
.ST(4)=.FPR4={0000'00000000'00000000} t0 +0.0000000000000000000000 * 2 ^ -16383 (*)
.ST(5)=.FPR5={0000'00000000'00000000} t0 +0.0000000000000000000000 * 2 ^ -16383 (*)
.ST(6)=.FPR6={0000'00000000'00000000} t0 +0.0000000000000000000000 * 2 ^ -16383 (*)
.ST(7)=.FPR7={0000'00000000'00000000} t0 +0.0000000000000000000000 * 2 ^ -16383 (*)
.XMM0 =00000000'00000000'00000000'00000000  .XMM1 =00000000'00000000'00000000'00000000
.XMM2 =00000000'00000000'00000000'00000000  .XMM3 =00000000'00000000'00000000'00000000
.XMM4 =00000000'00000000'00000000'00000000  .XMM5 =00000000'00000000'00000000'00000000
.XMM6 =00000000'00000000'00000000'00000000  .XMM7 =00000000'00000000'00000000'00000000
.XMM8 =00000000'00000000'00000000'00000000  .XMM9 =00000000'00000000'00000000'00000000
.XMM10=00000000'00000000'00000000'00000000  .XMM11=00000000'00000000'00000000'00000000
.XMM12=00000000'00000000'00000000'00000000  .XMM13=00000000'00000000'00000000'00000000
.XMM14=00000000'00000000'00000000'00000000  .XMM15=00000000'00000000'00000000'00000000
.EFER         =0000000000000000
.PAT          =0000000000000000
.STAR         =0000000000000000
.CSTAR        =0000000000000000
.LSTAR        =0000000000000000
.SFMASK       =0000000000000000
.KERNELGSBASE =0000000000000000
CR4OrMask=0x204 CR4AndMask=0x403
!!
!! {cpumhost, verbose}
!!
Host CPUM state: 
rax=xxxxxxxxxxxxxxxx rbx=0000000000000000 rcx=xxxxxxxxxxxxxxxx
rdx=xxxxxxxxxxxxxxxx rsi=0000000000000000 rdi=0000000000000000
rip=xxxxxxxxxxxxxxxx rsp=0000000000000000 rbp=0000000000000000
 r8=xxxxxxxxxxxxxxxx  r9=xxxxxxxxxxxxxxxx r10=0000000000000000
r11=0000000000000000 r12=0000000000000000 r13=0000000000000000
r14=0000000000000000 r15=0000000000000000
iopl=0          nv up di pl zr na pe nc
cs=0000  ds=0000  es=0000  fs=0000  gs=0000                   eflags=00000000
cr0=0000000000000000 cr2=xxxxxxxxxxxxxxxx cr3=0000000000000000
cr4=0000000000000000 ldtr=0000 tr=0000
dr[0]=0000000000000000 dr[1]=0000000000000000 dr[2]=0000000000000000
dr[3]=0000000000000000 dr[6]=0000000000000000 dr[7]=0000000000000000
gdtr=0000000000000000:0000  idtr=0000000000000000:0000
SysEnter={cs=0000 eip=00000000 esp=00000000}
FSbase=0000000000000000 GSbase=0000000000000000 efer=00000000
!!
!! {mode, all}
!!
Guest paging mode (VCPU #0):  Protected (changed 282 times), A20 enabled (changed 2 times)
Shadow paging mode (VCPU #0): Nested
Host paging mode:              AMD64+G+NX
!!
!! {cpuid, verbose}
!!
         Raw Standard CPUID Leaves
     Leaf/sub-leaf  eax      ebx      ecx      edx
Gst: 00000000/0000  0000000d 68747541 444d4163 69746e65
Hst:                0000000d 68747541 444d4163 69746e65
Gst: 00000001/0000  00610f31 00000800 1698220b 078bfbbf
Hst:                00610f31 02040800 3e98320b 178bfbff
Gst: 00000002/0000  00000000 00000000 00000000 00000000
Hst:                00000000 00000000 00000000 00000000
Gst: 00000003/0000  00000000 00000000 00000000 00000000
Hst:                00000000 00000000 00000000 00000000
Gst: 00000004/0000  00000000 00000000 00000000 00000000
Hst:                00000000 00000000 00000000 00000000
Gst: 00000005/0000  00000040 00000040 00000000 00000000
Hst:                00000040 00000040 00000003 00000000
Gst: 00000006/0000  00000000 00000000 00000000 00000000
Hst:                00000000 00000000 00000001 00000000
Gst: 00000007/0000  00000000 00000000 00000000 00000000
Hst:                00000000 00000008 00000000 00000000
Gst: 00000007/0001  00000000 00000000 00000000 00000000
Hst:                00000000 00000000 00000000 00000000
Gst: 00000008/0000  00000000 00000000 00000000 00000000
Hst:                00000000 00000000 00000000 00000000
Gst: 00000009/0000  00000000 00000000 00000000 00000000
Hst:                00000000 00000000 00000000 00000000
Gst: 0000000a/0000  00000000 00000000 00000000 00000000
Hst:                00000000 00000000 00000000 00000000
Gst: 0000000b/0000  00000000 00000000 00000000 00000000
Hst:                00000000 00000000 00000000 00000000
Gst: 0000000c/0000  00000000 00000000 00000000 00000000
Hst:                00000000 00000000 00000000 00000000
Gst: 0000000d/0000  00000007 00000340 000003c0 00000000
Hst:                00000007 00000340 000003c0 40000000
Gst: 0000000d/0001  00000000 00000000 00000000 00000000
Hst:                00000000 00000000 00000000 00000000
Gst: 0000000d/0002  00000100 00000240 00000000 00000000
Hst:                00000100 00000240 00000000 00000000
Gst: 0000000d/0003  00000000 00000000 00000000 00000000
Hst:                00000000 00000000 00000000 00000000
Gst: 0000000d/0004  00000000 00000000 00000000 00000000
Hst:                00000000 00000000 00000000 00000000
Gst: 0000000d/0005  00000000 00000000 00000000 00000000
Hst:                00000000 00000000 00000000 00000000
Gst: 0000000d/0006  00000000 00000000 00000000 00000000
Hst:                00000000 00000000 00000000 00000000
Gst: 0000000d/0007  00000000 00000000 00000000 00000000
Hst:                00000000 00000000 00000000 00000000
Gst: 0000000d/0008  00000000 00000000 00000000 00000000
Hst:                00000000 00000000 00000000 00000000
Gst: 0000000d/0009  00000000 00000000 00000000 00000000
Hst:                00000000 00000000 00000000 00000000
Gst: 0000000d/000a  00000000 00000000 00000000 00000000
Hst:                00000000 00000000 00000000 00000000
Gst: 0000000d/000b  00000000 00000000 00000000 00000000
Hst:                00000000 00000000 00000000 00000000
Gst: 0000000d/000c  00000000 00000000 00000000 00000000
Hst:                00000000 00000000 00000000 00000000
Gst: 0000000d/000d  00000000 00000000 00000000 00000000
Hst:                00000000 00000000 00000000 00000000
Gst: 0000000d/000e  00000000 00000000 00000000 00000000
Hst:                00000000 00000000 00000000 00000000
Gst: 0000000d/000f  00000000 00000000 00000000 00000000
Hst:                00000000 00000000 00000000 00000000
Gst: 0000000d/0010  00000000 00000000 00000000 00000000
Hst:                00000000 00000000 00000000 00000000
Gst: 0000000d/0011  00000000 00000000 00000000 00000000
Hst:                00000000 00000000 00000000 00000000
Gst: 0000000d/0012  00000000 00000000 00000000 00000000
Hst:                00000000 00000000 00000000 00000000
Gst: 0000000d/0013  00000000 00000000 00000000 00000000
Hst:                00000000 00000000 00000000 00000000
Gst: 0000000d/0014  00000000 00000000 00000000 00000000
Hst:                00000000 00000000 00000000 00000000
Gst: 0000000d/0015  00000000 00000000 00000000 00000000
Hst:                00000000 00000000 00000000 00000000
Gst: 0000000d/0016  00000000 00000000 00000000 00000000
Hst:                00000000 00000000 00000000 00000000
Gst: 0000000d/0017  00000000 00000000 00000000 00000000
Hst:                00000000 00000000 00000000 00000000
Gst: 0000000d/0018  00000000 00000000 00000000 00000000
Hst:                00000000 00000000 00000000 00000000
Gst: 0000000d/0019  00000000 00000000 00000000 00000000
Hst:                00000000 00000000 00000000 00000000
Gst: 0000000d/001a  00000000 00000000 00000000 00000000
Hst:                00000000 00000000 00000000 00000000
Gst: 0000000d/001b  00000000 00000000 00000000 00000000
Hst:                00000000 00000000 00000000 00000000
Gst: 0000000d/001c  00000000 00000000 00000000 00000000
Hst:                00000000 00000000 00000000 00000000
Gst: 0000000d/001d  00000000 00000000 00000000 00000000
Hst:                00000000 00000000 00000000 00000000
Gst: 0000000d/001e  00000000 00000000 00000000 00000000
Hst:                00000000 00000000 00000000 00000000
Gst: 0000000d/001f  00000000 00000000 00000000 00000000
Hst:                00000000 00000000 00000000 00000000
Gst: 0000000d/0020  00000000 00000000 00000000 00000000
Hst:                00000000 00000000 00000000 00000000
Gst: 0000000d/0021  00000000 00000000 00000000 00000000
Hst:                00000000 00000000 00000000 00000000
Gst: 0000000d/0022  00000000 00000000 00000000 00000000
Hst:                00000000 00000000 00000000 00000000
Gst: 0000000d/0023  00000000 00000000 00000000 00000000
Hst:                00000000 00000000 00000000 00000000
Gst: 0000000d/0024  00000000 00000000 00000000 00000000
Hst:                00000000 00000000 00000000 00000000
Gst: 0000000d/0025  00000000 00000000 00000000 00000000
Hst:                00000000 00000000 00000000 00000000
Gst: 0000000d/0026  00000000 00000000 00000000 00000000
Hst:                00000000 00000000 00000000 00000000
Gst: 0000000d/0027  00000000 00000000 00000000 00000000
Hst:                00000000 00000000 00000000 00000000
Gst: 0000000d/0028  00000000 00000000 00000000 00000000
Hst:                00000000 00000000 00000000 00000000
Gst: 0000000d/0029  00000000 00000000 00000000 00000000
Hst:                00000000 00000000 00000000 00000000
Gst: 0000000d/002a  00000000 00000000 00000000 00000000
Hst:                00000000 00000000 00000000 00000000
Gst: 0000000d/002b  00000000 00000000 00000000 00000000
Hst:                00000000 00000000 00000000 00000000
Gst: 0000000d/002c  00000000 00000000 00000000 00000000
Hst:                00000000 00000000 00000000 00000000
Gst: 0000000d/002d  00000000 00000000 00000000 00000000
Hst:                00000000 00000000 00000000 00000000
Gst: 0000000d/002e  00000000 00000000 00000000 00000000
Hst:                00000000 00000000 00000000 00000000
Gst: 0000000d/002f  00000000 00000000 00000000 00000000
Hst:                00000000 00000000 00000000 00000000
Gst: 0000000d/0030  00000000 00000000 00000000 00000000
Hst:                00000000 00000000 00000000 00000000
Gst: 0000000d/0031  00000000 00000000 00000000 00000000
Hst:                00000000 00000000 00000000 00000000
Gst: 0000000d/0032  00000000 00000000 00000000 00000000
Hst:                00000000 00000000 00000000 00000000
Gst: 0000000d/0033  00000000 00000000 00000000 00000000
Hst:                00000000 00000000 00000000 00000000
Gst: 0000000d/0034  00000000 00000000 00000000 00000000
Hst:                00000000 00000000 00000000 00000000
Gst: 0000000d/0035  00000000 00000000 00000000 00000000
Hst:                00000000 00000000 00000000 00000000
Gst: 0000000d/0036  00000000 00000000 00000000 00000000
Hst:                00000000 00000000 00000000 00000000
Gst: 0000000d/0037  00000000 00000000 00000000 00000000
Hst:                00000000 00000000 00000000 00000000
Gst: 0000000d/0038  00000000 00000000 00000000 00000000
Hst:                00000000 00000000 00000000 00000000
Gst: 0000000d/0039  00000000 00000000 00000000 00000000
Hst:                00000000 00000000 00000000 00000000
Gst: 0000000d/003a  00000000 00000000 00000000 00000000
Hst:                00000000 00000000 00000000 00000000
Gst: 0000000d/003b  00000000 00000000 00000000 00000000
Hst:                00000000 00000000 00000000 00000000
Gst: 0000000d/003c  00000000 00000000 00000000 00000000
Hst:                00000000 00000000 00000000 00000000
Gst: 0000000d/003d  00000000 00000000 00000000 00000000
Hst:                00000000 00000000 00000000 00000000
Gst: 0000000d/003e  00000000 00000000 00000000 00000000
Hst:                00000080 00000340 00000000 00000000
Gst: 0000000d/003f  00000000 00000000 00000000 00000000
Hst:                00000000 00000000 00000000 00000000
Gst: 0000000d/0040  00000000 00000000 00000000 00000000
Hst:                00000000 00000000 00000000 00000000
                               Name: AuthenticAMD
                           Supports: 0x00000000-0x0000000d
                             Family: 15 	Extended: 6 	Effective: 21
                              Model:  3 	Extended: 1 	Effective: 19
                           Stepping: 1
                               Type: 0 (primary)
                            APIC ID: 0x00
                       Logical CPUs: 0
                       CLFLUSH Size: 8
                           Brand ID: 0x00
Features
  Mnemonic - Description                                  = guest (host)
  FPU - x87 FPU on Chip                                   = 1 (1)
  VME - Virtual 8086 Mode Enhancements                    = 1 (1)
  DE - Debugging extensions                               = 1 (1)
  PSE - Page Size Extension                               = 1 (1)
  TSC - Time Stamp Counter                                = 1 (1)
  MSR - Model Specific Registers                          = 1 (1)
  PAE - Physical Address Extension                        = 0 (1)
  MCE - Machine Check Exception                           = 1 (1)
  CX8 - CMPXCHG8B instruction                             = 1 (1)
  APIC - APIC On-Chip                                     = 1 (1)
  SEP - SYSENTER and SYSEXIT Present                      = 1 (1)
  MTRR - Memory Type Range Registers                      = 1 (1)
  PGE - PTE Global Bit                                    = 1 (1)
  MCA - Machine Check Architecture                        = 1 (1)
  CMOV - Conditional Move instructions                    = 1 (1)
  PAT - Page Attribute Table                              = 1 (1)
  PSE-36 - 36-bit Page Size Extension                     = 1 (1)
  PSN - Processor Serial Number                           = 0 (0)
  CLFSH - CLFLUSH instruction                             = 1 (1)
  DS - Debug Store                                        = 0 (0)
  ACPI - Thermal Mon. & Soft. Clock Ctrl.                 = 0 (0)
  MMX - Intel MMX Technology                              = 1 (1)
  FXSR - FXSAVE and FXRSTOR instructions                  = 1 (1)
  SSE - SSE support                                       = 1 (1)
  SSE2 - SSE2 support                                     = 1 (1)
  SS - Self Snoop                                         = 0 (0)
  HTT - Hyper-Threading Technology                        = 0 (1)
  TM - Therm. Monitor                                     = 0 (0)
  PBE - Pending Break Enabled                             = 0 (0)
  SSE3 - SSE3 support                                     = 1 (1)
  PCLMUL - PCLMULQDQ support (for AES-GCM)                = 1 (1)
  DTES64 - DS Area 64-bit Layout                          = 0 (0)
  MONITOR - MONITOR/MWAIT instructions                    = 1 (1)
  CPL-DS - CPL Qualified Debug Store                      = 0 (0)
  VMX - Virtual Machine Extensions                        = 0 (0)
  SMX - Safer Mode Extensions                             = 0 (0)
  EST - Enhanced SpeedStep Technology                     = 0 (0)
  TM2 - Terminal Monitor 2                                = 0 (0)
  SSSE3 - Supplemental Streaming SIMD Extensions 3        = 1 (1)
  CNTX-ID - L1 Context ID                                 = 0 (0)
  SDBG - Silicon Debug interface                          = 0 (0)
  FMA - Fused Multiply Add extensions                     = 0 (1)
  CX16 - CMPXCHG16B instruction                           = 1 (1)
  TPRUPDATE - xTPR Update Control                         = 0 (0)
  PDCM - Perf/Debug Capability MSR                        = 0 (0)
  PCID - Process Context Identifiers                      = 0 (0)
  DCA - Direct Cache Access                               = 0 (0)
  SSE4_1 - SSE4_1 support                                 = 1 (1)
  SSE4_2 - SSE4_2 support                                 = 1 (1)
  X2APIC - x2APIC support                                 = 0 (0)
  MOVBE - MOVBE instruction                               = 0 (0)
  POPCNT - POPCNT instruction                             = 1 (1)
  TSCDEADL - Time Stamp Counter Deadline                  = 0 (0)
  AES - AES instructions                                  = 1 (1)
  XSAVE - XSAVE instruction                               = 1 (1)
  OSXSAVE - OSXSAVE instruction                           = 0 (1)
  AVX - AVX support                                       = 1 (1)
  F16C - 16-bit floating point conversion instructions    = 0 (1)
  RDRAND - RDRAND instruction                             = 0 (0)
  HVP - Hypervisor Present (we're a guest)                = 0 (0)
Structured Extended Feature Flags Enumeration (leaf 7):
  Mnemonic - Description                                  = guest (host)
  FSGSBASE - RDFSBASE/RDGSBASE/WRFSBASE/WRGSBASE instr.   = 0 (0)
  TSCADJUST - Supports MSR_IA32_TSC_ADJUST                = 0 (0)
  SGX - Supports Software Guard Extensions                = 0 (0)
  BMI1 - Advanced Bit Manipulation extension 1            = 0 (1)
  HLE - Hardware Lock Elision                             = 0 (0)
  AVX2 - Advanced Vector Extensions 2                     = 0 (0)
  FDP_EXCPTN_ONLY - FPU DP only updated on exceptions     = 0 (0)
  SMEP - Supervisor Mode Execution Prevention             = 0 (0)
  BMI2 - Advanced Bit Manipulation extension 2            = 0 (0)
  ERMS - Enhanced REP MOVSB/STOSB instructions            = 0 (0)
  INVPCID - INVPCID instruction                           = 0 (0)
  RTM - Restricted Transactional Memory                   = 0 (0)
  PQM - Platform Quality of Service Monitoring            = 0 (0)
  DEPFPU_CS_DS - Deprecates FPU CS, FPU DS values if set  = 0 (0)
  MPE - Intel Memory Protection Extensions                = 0 (0)
  PQE - Platform Quality of Service Enforcement           = 0 (0)
  AVX512F - AVX512 Foundation instructions                = 0 (0)
  RDSEED - RDSEED instruction                             = 0 (0)
  ADX - ADCX/ADOX instructions                            = 0 (0)
  SMAP - Supervisor Mode Access Prevention                = 0 (0)
  CLFLUSHOPT - CLFLUSHOPT (Cache Line Flush) instruction  = 0 (0)
  INTEL_PT - Intel Processor Trace                        = 0 (0)
  AVX512PF - AVX512 Prefetch instructions                 = 0 (0)
  AVX512ER - AVX512 Exponential & Reciprocal instructions = 0 (0)
  AVX512CD - AVX512 Conflict Detection instructions       = 0 (0)
  SHA - Secure Hash Algorithm extensions                  = 0 (0)
  PREFETCHWT1 - PREFETCHWT1 instruction                   = 0 (0)
  PKU - Protection Key for Usermode pages                 = 0 (0)
  OSPKU - CR4.PKU mirror                                  = 0 (0)
Processor Extended State Enumeration (leaf 0xd):
   XSAVE area cur/max size by XCR0, guest: 0x340/0x3c0
    XSAVE area cur/max size by XCR0, host: 0x340/0x3c0
                   Valid XCR0 bits, guest: 0x00000000`00000007 ( x87 SSE YMM_Hi128 )
                    Valid XCR0 bits, host: 0x40000000`00000007 ( x87 SSE YMM_Hi128 LWP )
                    XSAVE features, guest:
                     XSAVE features, host:
      XSAVE area cur size XCR0|XSS, guest: 0x0
       XSAVE area cur size XCR0|XSS, host: 0x0
               Valid IA32_XSS bits, guest: 0x00000000`00000000
                Valid IA32_XSS bits, host: 0x00000000`00000000
  State #2, guest: off=0x0240, cb=0x0100 IA32_XSS-bit -- YMM_Hi128
  State #2, host:  off=0x0240, cb=0x0100 IA32_XSS-bit -- YMM_Hi128
  State #62, host:  off=0x0340, cb=0x0080 IA32_XSS-bit -- LWP
         Raw Hypervisor CPUID Leaves
     Leaf/sub-leaf  eax      ebx      ecx      edx
Gst: 40000000/0000  40000001 786f4256 786f4256 786f4256
Hst:                00000000 00000000 00000000 00000000
Gst: 40000001/0000  656e6f6e 00000000 00000000 00000000
Hst:                00000000 00000000 00000000 00000000
         Raw Extended CPUID Leaves
     Leaf/sub-leaf  eax      ebx      ecx      edx
Gst: 80000000/0000  8000001e 68747541 444d4163 69746e65
Hst:                8000001e 68747541 444d4163 69746e65
Gst: 80000001/0000  00610f31 00000000 000001f1 0bc3fb3f
Hst:                00610f31 00000000 01abbfff 2fd3fbff
Gst: 80000002/0000  20444d41 352d3841 4d353435 55504120
Hst:                20444d41 352d3841 4d353435 55504120
Gst: 80000003/0000  74697720 61522068 6e6f6564 296d7428
Hst:                74697720 61522068 6e6f6564 296d7428
Gst: 80000004/0000  20444820 70617247 73636968 00202020
Hst:                20444820 70617247 73636968 00202020
Gst: 80000005/0000  ff40ff18 ff40ff30 10040140 40020140
Hst:                ff40ff18 ff40ff30 10040140 40020140
Gst: 80000006/0000  64006400 64004200 08008140 00000000
Hst:                64006400 64004200 08008140 00000000
Gst: 80000007/0000  00000000 00000000 00000000 00000000
Hst:                00000000 00000000 00000000 000007d9
Gst: 80000008/0000  00003030 00000000 00000000 00000000
Hst:                00003030 00000000 00004003 00000000
Gst: 80000009/0000  00000000 00000000 00000000 00000000
Hst:                00000000 00000000 00000000 00000000
Gst: 8000000a/0000  00000000 00000000 00000000 00000000
Hst:                00000001 00010000 00000000 00001cff
Gst: 8000000b/0000  00000000 00000000 00000000 00000000
Hst:                00000000 00000000 00000000 00000000
Gst: 8000000c/0000  00000000 00000000 00000000 00000000
Hst:                00000000 00000000 00000000 00000000
Gst: 8000000d/0000  00000000 00000000 00000000 00000000
Hst:                00000000 00000000 00000000 00000000
Gst: 8000000e/0000  00000000 00000000 00000000 00000000
Hst:                00000000 00000000 00000000 00000000
Gst: 8000000f/0000  00000000 00000000 00000000 00000000
Hst:                00000000 00000000 00000000 00000000
Gst: 80000010/0000  00000000 00000000 00000000 00000000
Hst:                00000000 00000000 00000000 00000000
Gst: 80000011/0000  00000000 00000000 00000000 00000000
Hst:                00000000 00000000 00000000 00000000
Gst: 80000012/0000  00000000 00000000 00000000 00000000
Hst:                00000000 00000000 00000000 00000000
Gst: 80000013/0000  00000000 00000000 00000000 00000000
Hst:                00000000 00000000 00000000 00000000
Gst: 80000014/0000  00000000 00000000 00000000 00000000
Hst:                00000000 00000000 00000000 00000000
Gst: 80000015/0000  00000000 00000000 00000000 00000000
Hst:                00000000 00000000 00000000 00000000
Gst: 80000016/0000  00000000 00000000 00000000 00000000
Hst:                00000000 00000000 00000000 00000000
Gst: 80000017/0000  00000000 00000000 00000000 00000000
Hst:                00000000 00000000 00000000 00000000
Gst: 80000018/0000  00000000 00000000 00000000 00000000
Hst:                00000000 00000000 00000000 00000000
Gst: 80000019/0000  f040f018 64006400 00000000 00000000
Hst:                f040f018 64006400 00000000 00000000
Gst: 8000001a/0000  00000003 00000000 00000000 00000000
Hst:                00000003 00000000 00000000 00000000
Gst: 8000001b/0000  00000000 00000000 00000000 00000000
Hst:                000000ff 00000000 00000000 00000000
Gst: 8000001c/0000  00000000 00000000 00000000 00000000
Hst:                00000000 80032013 00010200 8000000f
Gst: 8000001d/0000  00000121 00c0003f 0000003f 00000000
Hst:                00000121 00c0003f 0000003f 00000000
Gst: 8000001d/0001  00000122 0040003f 000001ff 00000000
Hst:                00004122 0040003f 000001ff 00000000
Gst: 8000001d/0002  00000143 03c0003f 000007ff 00000001
Hst:                00004143 03c0003f 000007ff 00000001
Gst: 8000001d/0003  00000000 00000000 00000000 00000000
Hst:                00000000 00000000 00000000 00000000
Gst: 8000001e/0000  00000000 00000000 00000000 00000000
Hst:                00000012 00000101 00000000 00000000
Ext Name:                        AuthenticAMD
Ext Supports:                    0x80000000-0x8000001e
Family:                          15  	Extended: 6 	Effective: 21
Model:                           3  	Extended: 1 	Effective: 19
Stepping:                        1
Brand ID:                        0x000
Ext Features
  Mnemonic - Description                                  = guest (host)
  FPU - x87 FPU on Chip                                   = 1 (1)
  VME - Virtual 8086 Mode Enhancements                    = 1 (1)
  DE - Debugging extensions                               = 1 (1)
  PSE - Page Size Extension                               = 1 (1)
  TSC - Time Stamp Counter                                = 1 (1)
  MSR - K86 Model Specific Registers                      = 1 (1)
  PAE - Physical Address Extension                        = 0 (1)
  MCE - Machine Check Exception                           = 0 (1)
  CX8 - CMPXCHG8B instruction                             = 1 (1)
  APIC - APIC On-Chip                                     = 1 (1)
  SEP - SYSCALL/SYSRET                                    = 1 (1)
  MTRR - Memory Type Range Registers                      = 1 (1)
  PGE - PTE Global Bit                                    = 1 (1)
  MCA - Machine Check Architecture                        = 1 (1)
  CMOV - Conditional Move instructions                    = 1 (1)
  PAT - Page Attribute Table                              = 1 (1)
  PSE-36 - 36-bit Page Size Extension                     = 1 (1)
  NX - No-Execute/Execute-Disable                         = 0 (1)
  AXMMX - AMD Extensions to MMX instructions              = 1 (1)
  MMX - Intel MMX Technology                              = 1 (1)
  FXSR - FXSAVE and FXRSTOR Instructions                  = 1 (1)
  FFXSR - AMD fast FXSAVE and FXRSTOR instructions        = 1 (1)
  Page1GB - 1 GB large page                               = 0 (1)
  RDTSCP - RDTSCP instruction                             = 1 (1)
  LM - AMD64 Long Mode                                    = 0 (1)
  3DNOWEXT - AMD Extensions to 3DNow                      = 0 (0)
  3DNOW - AMD 3DNow                                       = 0 (0)
  LahfSahf - LAHF/SAHF support in 64-bit mode             = 1 (1)
  CmpLegacy - Core multi-processing legacy mode           = 0 (1)
  SVM - AMD VM extensions                                 = 0 (1)
  EXTAPIC - AMD Extended APIC registers                   = 0 (1)
  CR8L - AMD LOCK MOV CR0 means MOV CR8                   = 1 (1)
  ABM - AMD Advanced Bit Manipulation                     = 1 (1)
  SSE4A - SSE4A instructions                              = 1 (1)
  MISALIGNSSE - AMD Misaligned SSE mode                   = 1 (1)
  3DNOWPRF - AMD PREFETCH and PREFETCHW instructions      = 1 (1)
  OSVW - AMD OS Visible Workaround                        = 0 (1)
  IBS - Instruct Based Sampling                           = 0 (1)
  XOP - Extended Operation support                        = 0 (1)
  SKINIT - SKINIT, STGI, and DEV support                  = 0 (1)
  WDT - AMD Watchdog Timer support                        = 0 (1)
  LWP - Lightweight Profiling support                     = 0 (1)
  FMA4 - Four operand FMA instruction support             = 0 (1)
  17 - Reserved                                           = 0 (1)
  NodeId - NodeId in MSR C001_100C                        = 0 (1)
  TBM - Trailing Bit Manipulation instructions            = 0 (1)
  TOPOEXT - Topology Extensions                           = 0 (0)
  23 - Reserved                                           = 0 (1)
  24 - Reserved                                           = 0 (1)
Full Name:                       "AMD A8-5545M APU with Radeon(tm) HD Graphics   "
TLB 2/4M Instr/Uni:              fully  24 entries
TLB 2/4M Data:                   fully  64 entries
TLB 4K Instr/Uni:                fully  48 entries
TLB 4K Data:                     fully  64 entries
L1 Instr Cache Line Size:        64 bytes
L1 Instr Cache Lines Per Tag:    1
L1 Instr Cache Associativity:    2 way
L1 Instr Cache Size:             64 KB
L1 Data Cache Line Size:         64 bytes
L1 Data Cache Lines Per Tag:     1
L1 Data Cache Associativity:     4 way
L1 Data Cache Size:              16 KB
L2 TLB 2/4M Instr/Uni:           8 way  1024 entries
L2 TLB 2/4M Data:                8 way  1024 entries
L2 TLB 4K Instr/Uni:             4 way   512 entries
L2 TLB 4K Data:                  8 way  1024 entries
L2 Cache Line Size:              0 bytes
L2 Cache Lines Per Tag:          0
L2 Cache Associativity:          off   
L2 Cache Size:                   0 KB
APM Features:                   
Host Invariant-TSC support:      true 
Physical Address Width:          48 bits
Virtual Address Width:           48 bits
Guest Physical Address Width:    0 bits
Physical Core Count:             1
!!
!! {handlers, phys virt hyper stats}
!!
Physical handlers: (PhysHandlers=16776 (0x4188))
From             - To (incl)         HandlerHC         UserHC            HandlerGC UserGC    Type     Description
00000000000a0000 - 00000000000bffff  00007fff774fa850  00000000066bc700  00000000  ff844700  MMIO     VGA - VGA Video Buffer
00000000000c0000 - 00000000000c8fff  00007fff775169f0  00000000066bc8d0  00000000  ff8448d0  Write    VGA BIOS
00000000000e0000 - 00000000000e0fff  00007fff775169f0  00000000066c41a0  00000000  ff84c1a0  Write    ACPI RSDP
00000000000e1000 - 00000000000e1fff  00007fff775169f0  00000000066ab270  00000000  ff833270  Write    DMI tables
00000000000e2000 - 00000000000effff  00007fff775169f0  00000000066abb70  00000000  ff833b70  Write    Net Boot ROM
00000000000f0000 - 00000000000fffff  00007fff775169f0  00000000066ab360  00000000  ff833360  Write    PC BIOS - 0xfffff
00000000e0000000 - 00000000e05fffff  00007fff67ee8030  0000000008a10100  00000000  ff98b100  Write    VGA LFB
00000000f0000000 - 00000000f0000fff  00007fff774fa850  00000000066c4db0  00000000  ff84cdb0  MMIO     PCNet
00000000f0804000 - 00000000f0804fff  00007fff774fa850  00000000066c5080  00000000  ff84d080  MMIO     USB OHCI
00000000fee00000 - 00000000fee00fff  00007fff774fa850  00000000066ad930  00000000  ff835930  MMIO     APIC
00000000ffff0000 - 00000000ffffffff  00007fff775169f0  00000000066ab6a0  00000000  ff8336a0  Write    PC BIOS - 0xffffffff
Virtual handlers:
From             - To (excl)         HandlerHC         HandlerGC Type       Description
Hypervisor Virtual handlers:
From             - To (excl)         HandlerHC         HandlerGC Type       Description
!!
!! {timers, <NULL>}
!!
Timers (pVM=00000000058d0000)
pTimerR3         offNext  offPrev  offSched Clock               Time             Expire HzHint State                     Description
00000000066c49d0 ffffff80 ffff8130 00000000 Real           731087199          731087206      0 2-ACTIVE                  EMT Yielder
00000000066c4950 00000000 00000080 00000000 Real           731087199          731088120      0 2-ACTIVE                  CPU Load Timer
00000000066c4770 00000000 fffea1e0 00000000 VrSy          2915760272       599932015941      0 2-ACTIVE                  ACPI PM Timer
00000000066c2b20 00000000 00000000 00000000 Virt          3037591663                  0      0 1-STOPPED                 USB Frame Timer
00000000066c11d0 00000000 00000000 00000000 Virt          3037591663                  0      0 1-STOPPED                 DevIchAc97
00000000066c0cb0 00000000 00000000 00000000 Virt          3037591663                  0      0 1-STOPPED                 PCNet Restore Timer
00000000066c0c30 00000000 00000000 00000000 Virt          3037591663                  0      0 1-STOPPED                 PCNet SoftInt Timer
00000000066c0bb0 00000000 00000000 00000000 Virt          3037591663                  0      0 1-STOPPED                 PCNet Poll Timer
00000000066bcb00 00007ed0 00000000 00000000 Real           731087199          731087203      0 2-ACTIVE                  VGA Refresh Timer
00000000066b5eb0 00000000 00000000 00000000 Virt          3037591663                  0      0 1-STOPPED                 Heartbeat flatlined
00000000066ae9d0 00000000 00000000 00000000 VrSy          2915760272         1990244140      0 1-STOPPED                 MC146818 RTC/CMOS - Second2
00000000066ae950 00015e20 fffffa20 00000000 VrSy          2915760272         2990000000      0 2-ACTIVE                  MC146818 RTC/CMOS - Second
00000000066ae8d0 00000000 00000000 00000000 VrSy          2915760272                  0      0 1-STOPPED                 MC146818 RTC/CMOS - Periodic
00000000066ae370 000005e0 00000000 00000000 VrSy          2915760272         2970685673     18 2-ACTIVE                  i8254 Programmable Interval Timer
00000000066adae0 00000000 00000000 00000000 VrSy          2915760272                  0      0 1-STOPPED                 APIC Timer 0
00000000066ad5d0 00000000 00000000 00000000 Virt          3037591663                  0      0 1-STOPPED                 PS2M Delay Timer
00000000066ad550 00000000 00000000 00000000 Real           731087199                  0      0 1-STOPPED                 PS2M Throttle Timer
00000000066ad4d0 00000000 00000000 00000000 Virt          3037591663           25072008      0 1-STOPPED                 PS2K Delay Timer
00000000066ad450 00000000 00000000 00000000 Real           731087199                  0      0 1-STOPPED                 PS2K Typematic Timer
00000000066aabd0 00000000 00000000 00000000 Real           731087199                  0      0 1-STOPPED                 BlkCache-Commit
!!
!! {activetimers, <NULL>}
!!
Active Timers (pVM=00000000058d0000)
pTimerR3         offNext  offPrev  offSched Clock               Time             Expire HzHint State                     Description
00000000066bcb00 00007ed0 00000000 00000000 Real           731087199          731087203      0 2-ACTIVE                  VGA Refresh Timer
00000000066c49d0 ffffff80 ffff8130 00000000 Real           731087199          731087206      0 2-ACTIVE                  EMT Yielder
00000000066c4950 00000000 00000080 00000000 Real           731087199          731088120      0 2-ACTIVE                  CPU Load Timer
00000000066ae370 000005e0 00000000 00000000 VrSy          2915760272         2970685673     18 2-ACTIVE                  i8254 Programmable Interval Timer
00000000066ae950 00015e20 fffffa20 00000000 VrSy          2915760272         2990000000      0 2-ACTIVE                  MC146818 RTC/CMOS - Second
00000000066c4770 00000000 fffea1e0 00000000 VrSy          2915760272       599932015941      0 2-ACTIVE                  ACPI PM Timer
!!
!! {apic}
!!
APIC0:
  APIC Base MSR                 = 0xfee00900 (Addr=0xfee00000)
  Mode                          = 2 (xAPIC)
  APIC ID                       = 0 (0x0)
  Version                       = 0x50014
    APIC Version                  = 0x14
    Max LVT entry index (0..N)    = 5
    EOI Broadcast supression      = false
  APR                           = 0 (0x0)
  TPR                           = 0 (0x0)
    Task-priority class           = 0x0
    Task-priority subclass        = 0x0
  PPR                           = 0 (0x0)
    Processor-priority class      = 0x0
    Processor-priority subclass   = 0x0
  RRD                           = 0 (0x0)
  LDR                           = 0x0
    Logical APIC ID               = 0x0
  DFR                           = 0xffffffff
    Model                         = 0xf (Flat)
  SVR                           = 0x10f
    Vector                        = 15 (0xf)
    Software Enabled              = true 
    Supress EOI broadcast         = false
  ISR
    0000000000000000000000000000000000000000000000000000000000000000
    Pending: None
  TMR
    0000000000000000000000000000000000000000000000000000000000000000
    Pending: None
  IRR
    0000000000000000000000000000000000000000000000000000000000000000
    Pending: None
  PIB
    0000000000000000000000000000000000000000000000000000000000000000
    Pending: None
  Level PIB
    0000000000000000000000000000000000000000000000000000000000000000
    Pending: None
  ESR Internal                  = 0x0
  ESR                           = 0x0
    Redirectable IPI              = false
    Send Illegal Vector           = false
    Recv Illegal Vector           = false
    Illegal Register Address      = false
  ICR Low                       = 0x0
    Vector                        = 0 (0x0)
    Delivery Mode                 = 0x0 (Fixed)
    Destination Mode              = 0x0 (Physical)
    Delivery Status               = 0
    Level                         = 0
    Trigger Mode                  = 0 (Edge)
    Destination shorthand         = 0x0 (None)
  ICR High                      = 0x0
    Destination field/mask        = 0x0
!!
!! {apiclvt}
!!
VCPU[0] APIC Local Vector Table (LVT):
lvt     timermode  mask  trigger  rirr  polarity  dlvr_st  dlvr_mode   vector
Timer    One-shot   1                               Idle                 0 (0x0)
Thermal             1                               Idle     Fixed       0 (0x0)
Perf                1                               Idle     Fixed       0 (0x0)
LINT0               0     Edge      0   ActiveHi    Idle     ExtINT      0 (0x0)
LINT1               0     Edge      0   ActiveHi    Idle     NMI         0 (0x0)
Error               1                               Idle     Fixed       0 (0x0)
!!
!! {apictimer}
!!
VCPU[0] Local APIC timer:
  ICR              = 0x0
  CCR              = 0x0
  DCR              = 0x0
    Timer shift    = 0x1
  Timer initial TS = 0
LVT Timer          = 0x10000
  Vector             = 0 (0x0)
  Delivery status    = 0
  Masked             = true 
  Timer Mode         = 0x0 (One-shot)
!!
!! {cfgm}
!!
pRoot=0000000004d60950:{/}
[/] (level 0)
  CSAMEnabled       <integer> = 0x0000000000000001 (1)
  CpuExecutionCap   <integer> = 0x0000000000000064 (100)
  EnablePAE         <integer> = 0x0000000000000000 (0)
  HMEnabled         <integer> = 0x0000000000000001 (1)
  MemBalloonSize    <integer> = 0x0000000000000000 (0)
  Name              <string>  = "BoneOS" (cb=7)
  NumCPUs           <integer> = 0x0000000000000001 (1)
  PATMEnabled       <integer> = 0x0000000000000001 (1)
  PageFusionAllowed <integer> = 0x0000000000000000 (0)
  RamHoleSize       <integer> = 0x0000000020000000 (536 870 912, 512 MB)
  RamSize           <integer> = 0x0000000004000000 (67 108 864, 64 MB)
  RawR0Enabled      <integer> = 0x0000000000000001 (1)
  RawR3Enabled      <integer> = 0x0000000000000001 (1)
  TimerMillies      <integer> = 0x000000000000000a (10)
  UUID              <bytes>   = "1a 3c 41 a3 9e db 7c 49 a3 9c 59 b0 01 10 bd e8" (cb=16)

[/CPUM/] (level 1)
  GuestCpuName       <string>  = "host" (cb=5)
  PortableCpuIdLevel <integer> = 0x0000000000000000 (0)

[/DBGC/] (level 1)
  GlobalInitScript <string>  = "C:\Users\aboga\.VirtualBox/dbgc-init" (cb=37)
  HistoryFile      <string>  = "C:\Users\aboga\.VirtualBox/dbgc-history" (cb=40)
  LocalInitScript  <string>  = "C:\Users\aboga\VirtualBox VMs\BoneOS/dbgc-init" (cb=47)

[/DBGF/] (level 1)
  Path <string>  = "C:\Users\aboga\VirtualBox VMs\BoneOS/debug/;C:\Users\aboga\VirtualBox VMs\BoneOS/;C:\Users\aboga\" (cb=98)

[/Devices/] (level 1)

[/Devices/8237A/] (level 2)

[/Devices/8237A/0/] (level 3)
  Trusted <integer> = 0x0000000000000001 (1)

[/Devices/8237A/0/Config/] (level 4) (restricted root)

[/Devices/VMMDev/] (level 2)

[/Devices/VMMDev/0/] (level 3)
  PCIBusNo      <integer> = 0x0000000000000000 (0)
  PCIDeviceNo   <integer> = 0x0000000000000004 (4)
  PCIFunctionNo <integer> = 0x0000000000000000 (0)
  Trusted       <integer> = 0x0000000000000001 (1)

[/Devices/VMMDev/0/Config/] (level 4) (restricted root)
  GuestCoreDumpDir <string>  = "C:\Users\aboga\VirtualBox VMs\BoneOS\Snapshots" (cb=47)
  RamSize          <integer> = 0x0000000004000000 (67 108 864, 64 MB)

[/Devices/VMMDev/0/LUN#0/] (level 4)
  Driver <string>  = "HGCM" (cb=5)

[/Devices/VMMDev/0/LUN#0/Config/] (level 5) (restricted root)
  Object <integer> = 0x0000000004c38430 (79 922 224)

[/Devices/VMMDev/0/LUN#999/] (level 4)
  Driver <string>  = "MainStatus" (cb=11)

[/Devices/VMMDev/0/LUN#999/Config/] (level 5) (restricted root)
  First   <integer> = 0x0000000000000000 (0)
  Last    <integer> = 0x0000000000000000 (0)
  papLeds <integer> = 0x000000000258f408 (39 384 072)

[/Devices/acpi/] (level 2)

[/Devices/acpi/0/] (level 3)
  PCIBusNo      <integer> = 0x0000000000000000 (0)
  PCIDeviceNo   <integer> = 0x0000000000000007 (7)
  PCIFunctionNo <integer> = 0x0000000000000000 (0)
  Trusted       <integer> = 0x0000000000000001 (1)

[/Devices/acpi/0/Config/] (level 4) (restricted root)
  CpuHotPlug          <integer> = 0x0000000000000000 (0)
  FdcEnabled          <integer> = 0x0000000000000000 (0)
  HostBusPciAddress   <integer> = 0x0000000000000000 (0)
  HpetEnabled         <integer> = 0x0000000000000000 (0)
  IOAPIC              <integer> = 0x0000000000000000 (0)
  IocPciAddress       <integer> = 0x0000000000010000 (65 536)
  NumCPUs             <integer> = 0x0000000000000001 (1)
  Parallel0IoPortBase <integer> = 0x0000000000000000 (0)
  Parallel0Irq        <integer> = 0x0000000000000000 (0)
  Parallel1IoPortBase <integer> = 0x0000000000000000 (0)
  Parallel1Irq        <integer> = 0x0000000000000000 (0)
  RamHoleSize         <integer> = 0x0000000020000000 (536 870 912, 512 MB)
  RamSize             <integer> = 0x0000000004000000 (67 108 864, 64 MB)
  Serial0IoPortBase   <integer> = 0x0000000000000000 (0)
  Serial0Irq          <integer> = 0x0000000000000000 (0)
  Serial1IoPortBase   <integer> = 0x0000000000000000 (0)
  Serial1Irq          <integer> = 0x0000000000000000 (0)
  ShowCpu             <integer> = 0x0000000000000000 (0)
  ShowRtc             <integer> = 0x0000000000000000 (0)
  SmcEnabled          <integer> = 0x0000000000000000 (0)

[/Devices/acpi/0/LUN#0/] (level 4)
  Driver <string>  = "ACPIHost" (cb=9)

[/Devices/acpi/0/LUN#0/Config/] (level 5) (restricted root)

[/Devices/apic/] (level 2)

[/Devices/apic/0/] (level 3)
  Trusted <integer> = 0x0000000000000001 (1)

[/Devices/apic/0/Config/] (level 4) (restricted root)
  IOAPIC  <integer> = 0x0000000000000000 (0)
  Mode    <integer> = 0x0000000000000002 (2)
  NumCPUs <integer> = 0x0000000000000001 (1)

[/Devices/e1000/] (level 2)

[/Devices/i8254/] (level 2)

[/Devices/i8254/0/] (level 3)

[/Devices/i8254/0/Config/] (level 4) (restricted root)

[/Devices/i8259/] (level 2)

[/Devices/i8259/0/] (level 3)
  Trusted <integer> = 0x0000000000000001 (1)

[/Devices/i8259/0/Config/] (level 4) (restricted root)

[/Devices/ichac97/] (level 2)

[/Devices/ichac97/0/] (level 3)
  PCIBusNo      <integer> = 0x0000000000000000 (0)
  PCIDeviceNo   <integer> = 0x0000000000000005 (5)
  PCIFunctionNo <integer> = 0x0000000000000000 (0)
  Trusted       <integer> = 0x0000000000000001 (1)

[/Devices/ichac97/0/AudioConfig/] (level 4)

[/Devices/ichac97/0/Config/] (level 4) (restricted root)
  Codec <string>  = "STAC9700" (cb=9)

[/Devices/ichac97/0/LUN#0/] (level 4)
  Driver <string>  = "AUDIO" (cb=6)

[/Devices/ichac97/0/LUN#0/AttachedDriver/] (level 5)
  Driver <string>  = "DSoundAudio" (cb=12)

[/Devices/ichac97/0/LUN#0/AttachedDriver/Config/] (level 6) (restricted root)
  StreamName <string>  = "BoneOS" (cb=7)

[/Devices/ichac97/0/LUN#0/Config/] (level 5) (restricted root)

[/Devices/ichac97/0/LUN#1/] (level 4)
  Driver <string>  = "AUDIO" (cb=6)

[/Devices/ichac97/0/LUN#1/AttachedDriver/] (level 5)
  Driver <string>  = "AudioVRDE" (cb=10)

[/Devices/ichac97/0/LUN#1/AttachedDriver/Config/] (level 6) (restricted root)
  AudioDriver      <string>  = "AudioVRDE" (cb=10)
  Object           <integer> = 0x000000000257b9c0 (39 303 616)
  ObjectVRDPServer <integer> = 0x00000000025ed430 (39 769 136)
  StreamName       <string>  = "BoneOS" (cb=7)

[/Devices/ichac97/0/LUN#1/Config/] (level 5) (restricted root)

[/Devices/mc146818/] (level 2)

[/Devices/mc146818/0/] (level 3)

[/Devices/mc146818/0/Config/] (level 4) (restricted root)
  UseUTC <integer> = 0x0000000000000000 (0)

[/Devices/parallel/] (level 2)

[/Devices/pcarch/] (level 2)

[/Devices/pcarch/0/] (level 3)
  Trusted <integer> = 0x0000000000000001 (1)

[/Devices/pcarch/0/Config/] (level 4) (restricted root)

[/Devices/pcbios/] (level 2)

[/Devices/pcbios/0/] (level 3)
  Trusted <integer> = 0x0000000000000001 (1)

[/Devices/pcbios/0/Config/] (level 4) (restricted root)
  APIC           <integer> = 0x0000000000000001 (1)
  BootDevice0    <string>  = "FLOPPY" (cb=7)
  BootDevice1    <string>  = "DVD" (cb=4)
  BootDevice2    <string>  = "IDE" (cb=4)
  BootDevice3    <string>  = "NONE" (cb=5)
  FloppyDevice   <string>  = "i82078" (cb=7)
  HardDiskDevice <string>  = "piix3ide" (cb=9)
  IOAPIC         <integer> = 0x0000000000000000 (0)
  McfgBase       <integer> = 0x0000000000000000 (0)
  McfgLength     <integer> = 0x0000000000000000 (0)
  NumCPUs        <integer> = 0x0000000000000001 (1)
  PXEDebug       <integer> = 0x0000000000000000 (0)
  RamHoleSize    <integer> = 0x0000000020000000 (536 870 912, 512 MB)
  RamSize        <integer> = 0x0000000004000000 (67 108 864, 64 MB)
  UUID           <bytes>   = "1a 3c 41 a3 9e db 7c 49 a3 9c 59 b0 01 10 bd e8" (cb=16)

[/Devices/pcbios/0/Config/NetBoot/] (level 5)

[/Devices/pcbios/0/Config/NetBoot/0/] (level 6)
  NIC           <integer> = 0x0000000000000000 (0)
  PCIBusNo      <integer> = 0x0000000000000000 (0)
  PCIDeviceNo   <integer> = 0x0000000000000003 (3)
  PCIFunctionNo <integer> = 0x0000000000000000 (0)

[/Devices/pci/] (level 2)

[/Devices/pci/0/] (level 3)
  Trusted <integer> = 0x0000000000000001 (1)

[/Devices/pci/0/Config/] (level 4) (restricted root)
  IOAPIC <integer> = 0x0000000000000000 (0)

[/Devices/pckbd/] (level 2)

[/Devices/pckbd/0/] (level 3)
  Trusted <integer> = 0x0000000000000001 (1)

[/Devices/pckbd/0/Config/] (level 4) (restricted root)

[/Devices/pckbd/0/LUN#0/] (level 4)
  Driver <string>  = "KeyboardQueue" (cb=14)

[/Devices/pckbd/0/LUN#0/AttachedDriver/] (level 5)
  Driver <string>  = "MainKeyboard" (cb=13)

[/Devices/pckbd/0/LUN#0/AttachedDriver/Config/] (level 6) (restricted root)
  Object <integer> = 0x000000000256ac60 (39 234 656)

[/Devices/pckbd/0/LUN#0/Config/] (level 5) (restricted root)
  QueueSize <integer> = 0x0000000000000040 (64)

[/Devices/pckbd/0/LUN#1/] (level 4)
  Driver <string>  = "MouseQueue" (cb=11)

[/Devices/pckbd/0/LUN#1/AttachedDriver/] (level 5)
  Driver <string>  = "MainMouse" (cb=10)

[/Devices/pckbd/0/LUN#1/AttachedDriver/Config/] (level 6) (restricted root)
  Object <integer> = 0x0000000002333220 (36 909 600)

[/Devices/pckbd/0/LUN#1/Config/] (level 5) (restricted root)
  QueueSize <integer> = 0x0000000000000080 (128)

[/Devices/pcnet/] (level 2)

[/Devices/pcnet/0/] (level 3)
  PCIBusNo      <integer> = 0x0000000000000000 (0)
  PCIDeviceNo   <integer> = 0x0000000000000003 (3)
  PCIFunctionNo <integer> = 0x0000000000000000 (0)
  Trusted       <integer> = 0x0000000000000001 (1)

[/Devices/pcnet/0/Config/] (level 4) (restricted root)
  Am79C973       <integer> = 0x0000000000000001 (1)
  CableConnected <integer> = 0x0000000000000001 (1)
  LineSpeed      <integer> = 0x0000000000000000 (0)
  MAC            <bytes>   = "08 00 27 a9 59 80" (cb=6)

[/Devices/pcnet/0/LUN#0/] (level 4)
  Driver <string>  = "NAT" (cb=4)

[/Devices/pcnet/0/LUN#0/Config/] (level 5) (restricted root)
  AliasMode       <integer> = 0x0000000000000000 (0)
  BootFile        <string>  = "BoneOS.pxe" (cb=11)
  DNSProxy        <integer> = 0x0000000000000000 (0)
  Network         <string>  = "10.0.2.0/24" (cb=12)
  PassDomain      <integer> = 0x0000000000000001 (1)
  TFTPPrefix      <string>  = "C:\Users\aboga\.VirtualBox\TFTP" (cb=32)
  UseHostResolver <integer> = 0x0000000000000000 (0)

[/Devices/pcnet/0/LUN#999/] (level 4)
  Driver <string>  = "MainStatus" (cb=11)

[/Devices/pcnet/0/LUN#999/Config/] (level 5) (restricted root)
  First   <integer> = 0x0000000000000000 (0)
  Last    <integer> = 0x0000000000000000 (0)
  papLeds <integer> = 0x000000000258f2e8 (39 383 784)

[/Devices/piix3ide/] (level 2)

[/Devices/piix3ide/0/] (level 3)
  PCIBusNo      <integer> = 0x0000000000000000 (0)
  PCIDeviceNo   <integer> = 0x0000000000000001 (1)
  PCIFunctionNo <integer> = 0x0000000000000001 (1)
  Trusted       <integer> = 0x0000000000000001 (1)

[/Devices/piix3ide/0/Config/] (level 4) (restricted root)
  Type <string>  = "PIIX4" (cb=6)

[/Devices/piix3ide/0/Config/PrimaryMaster/] (level 5)
  NonRotationalMedium <integer> = 0x0000000000000000 (0)

[/Devices/piix3ide/0/Config/SecondaryMaster/] (level 5)
  NonRotationalMedium <integer> = 0x0000000000000000 (0)

[/Devices/piix3ide/0/LUN#0/] (level 4)
  Driver <string>  = "VD" (cb=3)

[/Devices/piix3ide/0/LUN#0/Config/] (level 5) (restricted root)
  Format    <string>  = "RAW" (cb=4)
  Mountable <integer> = 0x0000000000000001 (1)
  Path      <string>  = "C:\Users\aboga\OneDrive\Documents\OS_DEV\OS_DEV\BoneOS.iso" (cb=59)
  ReadOnly  <integer> = 0x0000000000000001 (1)
  Type      <string>  = "DVD" (cb=4)

[/Devices/piix3ide/0/LUN#2/] (level 4)
  Driver <string>  = "VD" (cb=3)

[/Devices/piix3ide/0/LUN#2/Config/] (level 5) (restricted root)
  EmptyDrive <integer> = 0x0000000000000001 (1)
  Mountable  <integer> = 0x0000000000000001 (1)
  Type       <string>  = "DVD" (cb=4)

[/Devices/piix3ide/0/LUN#999/] (level 4)
  Driver <string>  = "MainStatus" (cb=11)

[/Devices/piix3ide/0/LUN#999/Config/] (level 5) (restricted root)
  DeviceInstance        <string>  = "piix3ide/0" (cb=11)
  First                 <integer> = 0x0000000000000000 (0)
  Last                  <integer> = 0x0000000000000003 (3)
  pConsole              <integer> = 0x000000000258ec00 (39 382 016)
  papLeds               <integer> = 0x000000000258efe8 (39 383 016)
  pmapMediumAttachments <integer> = 0x000000000258f428 (39 384 104)

[/Devices/serial/] (level 2)

[/Devices/usb-ohci/] (level 2)

[/Devices/usb-ohci/0/] (level 3)
  PCIBusNo      <integer> = 0x0000000000000000 (0)
  PCIDeviceNo   <integer> = 0x0000000000000006 (6)
  PCIFunctionNo <integer> = 0x0000000000000000 (0)
  Trusted       <integer> = 0x0000000000000001 (1)

[/Devices/usb-ohci/0/Config/] (level 4) (restricted root)

[/Devices/usb-ohci/0/LUN#0/] (level 4)
  Driver <string>  = "VUSBRootHub" (cb=12)

[/Devices/usb-ohci/0/LUN#0/Config/] (level 5) (restricted root)

[/Devices/usb-ohci/0/LUN#999/] (level 4)
  Driver <string>  = "MainStatus" (cb=11)

[/Devices/usb-ohci/0/LUN#999/Config/] (level 5) (restricted root)
  First   <integer> = 0x0000000000000000 (0)
  Last    <integer> = 0x0000000000000000 (0)
  papLeds <integer> = 0x000000000258f410 (39 384 080)

[/Devices/vga/] (level 2)

[/Devices/vga/0/] (level 3)
  PCIBusNo      <integer> = 0x0000000000000000 (0)
  PCIDeviceNo   <integer> = 0x0000000000000002 (2)
  PCIFunctionNo <integer> = 0x0000000000000000 (0)
  Trusted       <integer> = 0x0000000000000001 (1)

[/Devices/vga/0/Config/] (level 4) (restricted root)
  CustomVideoModes <integer> = 0x0000000000000000 (0)
  FadeIn           <integer> = 0x0000000000000001 (1)
  FadeOut          <integer> = 0x0000000000000001 (1)
  HeightReduction  <integer> = 0x0000000000000000 (0)
  LogoFile         <string>  = "" (cb=1)
  LogoTime         <integer> = 0x0000000000000000 (0)
  MonitorCount     <integer> = 0x0000000000000001 (1)
  ShowBootMenu     <integer> = 0x0000000000000002 (2)
  VRamSize         <integer> = 0x0000000000600000 (6 291 456, 6 MB)

[/Devices/vga/0/LUN#0/] (level 4)
  Driver <string>  = "MainDisplay" (cb=12)

[/Devices/vga/0/LUN#0/Config/] (level 5) (restricted root)
  Object <integer> = 0x000000000259e9b0 (39 446 960)

[/Devices/vga/0/LUN#999/] (level 4)
  Driver <string>  = "MainStatus" (cb=11)

[/Devices/vga/0/LUN#999/Config/] (level 5) (restricted root)
  First   <integer> = 0x0000000000000000 (0)
  Last    <integer> = 0x0000000000000000 (0)
  papLeds <integer> = 0x000000000258f420 (39 384 096)

[/Devices/virtio-net/] (level 2)

[/EM/] (level 1)
  TripleFaultReset <integer> = 0x0000000000000000 (0)

[/GIM/] (level 1)
  Provider <string>  = "None" (cb=5)

[/HM/] (level 1)
  64bitEnabled       <integer> = 0x0000000000000000 (0)
  EnableLargePages   <integer> = 0x0000000000000001 (1)
  EnableNestedPaging <integer> = 0x0000000000000001 (1)
  EnableUX           <integer> = 0x0000000000000001 (1)
  EnableVPID         <integer> = 0x0000000000000001 (1)
  Exclusive          <integer> = 0x0000000000000000 (0)
  HMForced           <integer> = 0x0000000000000000 (0)

[/MM/] (level 1)
  CanUseLargerHeap <integer> = 0x0000000000000000 (0)

[/PDM/] (level 1)

[/PDM/AsyncCompletion/] (level 2)

[/PDM/AsyncCompletion/File/] (level 3)

[/PDM/AsyncCompletion/File/BwGroups/] (level 4)

[/PDM/BlkCache/] (level 2)
  CacheSize <integer> = 0x0000000000500000 (5 242 880, 5 MB)

[/PDM/Devices/] (level 2)

[/PDM/Drivers/] (level 2)

[/PDM/Drivers/VBoxC/] (level 3)
  Path <string>  = "VBoxC" (cb=6)

[/PDM/NetworkShaper/] (level 2)

[/PDM/NetworkShaper/BwGroups/] (level 3)

[/TM/] (level 1)
  UTCOffset <integer> = 0x0000000000000000 (0)

[/USB/] (level 1)

[/USB/USBProxy/] (level 2)

[/USB/USBProxy/GlobalConfig/] (level 3)

!!
!! {clocks}
!!
Cpu Tick:         4947586465 (0x00000126e62da1) 1696842677Hz paused - virtualized - virtual clock
 Virtual:         3037591663 (0x000000b50df86f) 1000000000Hz paused
VirtSync:         2915760272 (0x000000adcaf890) paused - catchup
          offset 109344622  catch-up rate 100 %
    Real:          731087201 (0x0000002b938161) 1000Hz
!!
!! {cmos1}
!!
First CMOS bank, offsets 0x0E - 0x7F
Offset 00 : --- use 'info rtc' to show CMOS clock --- 00 00
Offset 10 : 00 00 00 00 0e 80 02 00-fc 00 00 00 00 00 00 00
Offset 20 : 00 00 00 00 00 00 00 00-00 00 00 00 00 00 01 8c
Offset 30 : 00 fc 20 00 00 03 00 20-20 00 00 00 00 31 00 00
Offset 40 : 00 00 00 00 00 00 00 00-00 00 00 00 00 00 00 00
Offset 50 : 00 00 00 00 00 00 00 00-00 00 00 00 00 00 00 00
Offset 60 : 01 00 00 00 00 00 00 00-00 00 00 00 00 00 00 00
Offset 70 : 00 00 00 00 00 00 00 00-01 00 00 00 00 00 00 00
!!
!! {cmos2}
!!
Second CMOS bank, offsets 0x80 - 0xFF
Offset 80 : 00 00 18 00 ff ff ff ff-ff ff 00 00 00 00 00 00
Offset 90 : 00 00 00 00 00 00 00 00-00 00 00 00 00 00 00 00
Offset a0 : 00 00 00 00 00 00 00 00-00 00 00 00 00 00 00 00
Offset b0 : 00 00 00 00 00 00 00 00-00 00 00 00 00 00 00 00
Offset c0 : 00 00 00 00 00 00 00 00-00 00 00 00 00 00 00 00
Offset d0 : 00 00 00 00 00 00 00 00-00 00 00 00 00 00 00 00
Offset e0 : 00 00 00 00 00 00 00 00-00 00 00 00 00 00 00 00
Offset f0 : 00 00 00 00 00 00 00 00-00 00 00 00 00 00 00 00
!!
!! {exithistory}
!!
CPU[0]: AMD-V #VMEXIT history:
  idxExitHistoryFree = 23
  auExitHistory[ 0] = 0x0400  SVM_EXIT_NPF - 1024 - Nested Page Fault. 
  auExitHistory[ 1] = 0x0400  SVM_EXIT_NPF - 1024 - Nested Page Fault. 
  auExitHistory[ 2] = 0x0400  SVM_EXIT_NPF - 1024 - Nested Page Fault. 
  auExitHistory[ 3] = 0x0400  SVM_EXIT_NPF - 1024 - Nested Page Fault. 
  auExitHistory[ 4] = 0x0400  SVM_EXIT_NPF - 1024 - Nested Page Fault. 
  auExitHistory[ 5] = 0x0400  SVM_EXIT_NPF - 1024 - Nested Page Fault. 
  auExitHistory[ 6] = 0x0400  SVM_EXIT_NPF - 1024 - Nested Page Fault. 
  auExitHistory[ 7] = 0x007b  SVM_EXIT_IOIO - 123 - IN/OUT accessing protected port. 
  auExitHistory[ 8] = 0x007b  SVM_EXIT_IOIO - 123 - IN/OUT accessing protected port. 
  auExitHistory[ 9] = 0x007b  SVM_EXIT_IOIO - 123 - IN/OUT accessing protected port. 
  auExitHistory[10] = 0x007b  SVM_EXIT_IOIO - 123 - IN/OUT accessing protected port. 
  auExitHistory[11] = 0x007b  SVM_EXIT_IOIO - 123 - IN/OUT accessing protected port. 
  auExitHistory[12] = 0x007b  SVM_EXIT_IOIO - 123 - IN/OUT accessing protected port. 
  auExitHistory[13] = 0x007b  SVM_EXIT_IOIO - 123 - IN/OUT accessing protected port. 
  auExitHistory[14] = 0x0078  SVM_EXIT_HLT - 120 - HLT instruction. 
  auExitHistory[15] = 0x0400  SVM_EXIT_NPF - 1024 - Nested Page Fault. 
  auExitHistory[16] = 0x0400  SVM_EXIT_NPF - 1024 - Nested Page Fault. 
  auExitHistory[17] = 0x0400  SVM_EXIT_NPF - 1024 - Nested Page Fault. 
  auExitHistory[18] = 0x0400  SVM_EXIT_NPF - 1024 - Nested Page Fault. 
  auExitHistory[19] = 0x0400  SVM_EXIT_NPF - 1024 - Nested Page Fault. 
  auExitHistory[20] = 0x0400  SVM_EXIT_NPF - 1024 - Nested Page Fault. 
  auExitHistory[21] = 0x0400  SVM_EXIT_NPF - 1024 - Nested Page Fault. 
  auExitHistory[22] = 0x0400  SVM_EXIT_NPF - 1024 - Nested Page Fault. <-- Latest exit
  auExitHistory[23] = 0xffff  <NULL> 
  auExitHistory[24] = 0x0400  SVM_EXIT_NPF - 1024 - Nested Page Fault. 
  auExitHistory[25] = 0x0400  SVM_EXIT_NPF - 1024 - Nested Page Fault. 
  auExitHistory[26] = 0x0400  SVM_EXIT_NPF - 1024 - Nested Page Fault. 
  auExitHistory[27] = 0x0400  SVM_EXIT_NPF - 1024 - Nested Page Fault. 
  auExitHistory[28] = 0x0400  SVM_EXIT_NPF - 1024 - Nested Page Fault. 
  auExitHistory[29] = 0x0400  SVM_EXIT_NPF - 1024 - Nested Page Fault. 
  auExitHistory[30] = 0x0400  SVM_EXIT_NPF - 1024 - Nested Page Fault. 
HM error = 0x0 (0)
!!
!! {fflags}
!!
Global FFs: 0x600
    REQUEST, CHECK_VM_STATE
  Groups:
    EXTERNAL_SUSPENDED, EXTERNAL_HALTED, HIGH_PRIORITY_PRE, NORMAL_PRIORITY_POST, NORMAL_PRIORITY,
    ALL_REM
CPU 0 FFs: 0x0
!!
!! {gdtguest}
!!
Guest GDT (GCAddr=0000000000103675 limit=17):
!!
!! {guestprops}
!!
/VirtualBox/HostInfo/GUI/LanguageID: 'en_US', 1470067883959869900
/VirtualBox/HostInfo/VBoxVerExt: '5.1.2', 1470796599079056603 (TRANSIENT, RDONLYGUEST)
/VirtualBox/HostGuest/SysprepExec: '', 1470796599079056600 (TRANSIENT, RDONLYGUEST)
/VirtualBox/HostGuest/SysprepArgs: '', 1470796599079056601 (TRANSIENT, RDONLYGUEST)
/VirtualBox/HostInfo/VBoxRev: '108956', 1470796599079056604 (TRANSIENT, RDONLYGUEST)
/VirtualBox/HostInfo/VBoxVer: '5.1.2', 1470796599079056602 (TRANSIENT, RDONLYGUEST)
!!
!! {ioport}
!!
I/O Port R3 ranges (pVM=00000000058d0000)
Range     pDevIns          In               Out              pvUser           Description
0000-0007 0000000004cb56f0 00007fff67f1a760 00007fff67f1a6a0 0000000004cb5800 DMA8 Address
0008-000f 0000000004cb56f0 00007fff67f1a920 00007fff67f1a7f0 0000000004cb5800 DMA8 Control
0020-0021 00000000066adb60 00007fff67efb1f0 00007fff67efb2b0 0000000000000000 i8259 PIC #0
0040-0043 00000000066ae030 00007fff67ef9210 00007fff67ef9e90 0000000000000000 i8254 Programmable Interval Timer
0060-0060 00000000066ace50 00007fff67ed1fc0 00007fff67ed2030 0000000000000000 PC Keyboard - Data
0061-0061 00000000066ae030 00007fff67ef93c0 00007fff67efa120 0000000000000000 PC Speaker
0064-0064 00000000066ace50 00007fff67ed2060 00007fff67ed2090 0000000000000000 PC Keyboard - Command / Status
0070-0073 00000000066ae510 00007fff67f00b60 00007fff67f00cc0 0000000000000000 MC146818 RTC/CMOS
0080-0087 0000000004cb56f0 00007fff67f1aa40 00007fff67f1aaa0 0000000004cb5800 DMA8 Page
0088-008f 0000000004cb56f0 00007fff67f1aa40 00007fff67f1aaa0 0000000004cb58a0 DMA16 Page
0092-0092 0000000004d43e60 00007fff67f07fa0 00007fff67f07fe0 0000000000000000 PS/2 system control port A (A20 and more)
00a0-00a1 00000000066adb60 00007fff67efb1f0 00007fff67efb2b0 0000000000000001 i8259 PIC #1
00c0-00cf 0000000004cb56f0 00007fff67f1a760 00007fff67f1a6a0 0000000004cb58a0 DMA16 Address
00d0-00df 0000000004cb56f0 00007fff67f1a920 00007fff67f1a7f0 0000000004cb58a0 DMA16 Control
00f0-00ff 0000000004d43e60 00007fff67f07f20 00007fff67f07f40 0000000000000000 Math Co-Processor (DOS/OS2 mode)
0170-0170 00000000066bcc40 00007fff67ef3a60 00007fff67ef3970 0000000000000001 ATA I/O Base 1 - Data
0171-0177 00000000066bcc40 00007fff67ef5380 00007fff67ef5300 0000000000000001 ATA I/O Base 1 - Other
01ce-01ce 0000000008a10000 00007fff67ee7440 00007fff67ee7350 0000000000000000 VGA/VBE - Index
01cf-01cf 0000000008a10000 00007fff67ee73b0 00007fff67ee72c0 0000000000000000 VGA/VBE - Data
01f0-01f0 00000000066bcc40 00007fff67ef3a60 00007fff67ef3970 0000000000000000 ATA I/O Base 1 - Data
01f1-01f7 00000000066bcc40 00007fff67ef5380 00007fff67ef5300 0000000000000000 ATA I/O Base 1 - Other
0376-0376 00000000066bcc40 00007fff67ef54a0 00007fff67ef5420 0000000000000001 ATA I/O Base 2
03b0-03b3 0000000008a10000 00007fff67ee7580 00007fff67ee74a0 0000000000000000 VGA - 3b0 (HGSMI host)
03b4-03b5 0000000008a10000 00007fff67ee7220 00007fff67ee71a0 0000000000000000 VGA - 3b4
03b6-03b6 0000000008a10000 00007fff67ee80b0 00007fff67ee8090 0000000000000000 VBE BIOS Extra Data
03b7-03b7 0000000008a10000 00007fff67ee8050 00007fff67ee8060 0000000000000000 VGA BIOS debug/panic
03b8-03b8 0000000008a10000 00007fff67ee8cd0 00007fff67ee8a80 0000000000000000 BIOS Logo
03ba-03ba 0000000008a10000 00007fff67ee7220 00007fff67ee71a0 0000000000000000 VGA - 3ba
03c0-03cf 0000000008a10000 00007fff67ee7220 00007fff67ee71a0 0000000000000000 VGA - 3c0
03d0-03d3 0000000008a10000 00007fff67ee7580 00007fff67ee74a0 0000000000000000 VGA - 3d0 (HGSMI guest)
03d4-03d5 0000000008a10000 00007fff67ee7220 00007fff67ee71a0 0000000000000000 VGA - 3d4
03da-03da 0000000008a10000 00007fff67ee7220 00007fff67ee71a0 0000000000000000 VGA - 3da
03f6-03f6 00000000066bcc40 00007fff67ef54a0 00007fff67ef5420 0000000000000000 ATA I/O Base 2
0400-0403 0000000004e8ecb0 00007fff67ee8050 00007fff67f02580 0000000000000000 Bochs PC BIOS - Panic & Debug
04d0-04d0 00000000066adb60 00007fff67efb340 00007fff67efb3c0 00000000066adc60 i8259 PIC #0 - elcr
04d1-04d1 00000000066adb60 00007fff67efb340 00007fff67efb3c0 00000000066adca8 i8259 PIC #1 - elcr
0504-0504 00000000066aed50 00007fff7741e080 00007fff67f0cad0 0000000000000000 VMMDev backdoor logging
0505-0505 00000000066aed50 00007fff67f0cc50 00007fff67f0cc20 0000000000000000 VMMDev timesync backdoor
0cf8-0cf8 00000000066abe60 00007fff67ed8a20 00007fff67ed89d0 0000000000000000 i440FX (PCI)
0cfc-0cff 00000000066abe60 00007fff67edb0d0 00007fff67edb050 0000000000000000 i440FX (PCI)
4000-4000 00000000066c2ba0 00007fff67efce20 00007fff67efcea0 00000000066c2ca0 ACPI PM1a Status
4002-4002 00000000066c2ba0 00007fff67efcd20 00007fff67efcd90 00000000066c2ca0 ACPI PM1a Enable
4004-4004 00000000066c2ba0 00007fff67efcf40 00007fff67efcfc0 00000000066c2ca0 ACPI PM1a Control
4008-4008 00000000066c2ba0 00007fff67efd1d0 00007fff774363e0 00000000066c2ca0 ACPI PM Timer
4020-4020 00000000066c2ba0 00007fff67efd290 00007fff67efd310 00000000066c2ca0 ACPI GPE0 Status
4021-4021 00000000066c2ba0 00007fff67efd390 00007fff67efd410 00000000066c2ca0 ACPI GPE0 Enable
4040-4040 00000000066c2ba0 00007fff7741e080 00007fff67efc520 00000000066c2ca0 ACPI Battery status index
4044-4044 00000000066c2ba0 00007fff67efc5b0 00007fff774363e0 00000000066c2ca0 ACPI Battery status data
4048-4048 00000000066c2ba0 00007fff7741e080 00007fff67efc790 00000000066c2ca0 ACPI system info index
404c-404c 00000000066c2ba0 00007fff67efc850 00007fff67efcc00 00000000066c2ca0 ACPI system info data
4050-4050 00000000066c2ba0 00007fff7741e080 00007fff67efd520 00000000066c2ca0 ACPI Reset
442e-442e 00000000066c2ba0 00007fff7741e080 00007fff67efd490 00000000066c2ca0 ACPI SMI
8900-8900 0000000004e8ecb0 00007fff67ee8050 00007fff67f02580 0000000000000000 Bochs PC BIOS - Shutdown
d000-d007 00000000066bcc40 00007fff67ef4e20 00007fff67ef4f70 0000000000000000 ATA Bus Master DMA
d008-d00f 00000000066bcc40 00007fff67ef4e20 00007fff67ef4f70 0000000000000001 ATA Bus Master DMA
d020-d02f 00000000066be470 00007fff67f156a0 00007fff67f15780 0000000000000000 PCNet ARPOM
d030-d03f 00000000066be470 00007fff67f190c0 00007fff67f19170 0000000000000000 PCNet
d040-d040 00000000066aed50 00007fff7741e080 00007fff67f0c710 00000000066aee50 VMMDev Request Handler
d100-d1ff 0000000004e6f040 00007fff67f9ef40 00007fff67fa0440 0000000004e6f140 ICHAC97 NAM
d200-d23f 0000000004e6f040 00007fff67f9fd50 00007fff67f9ffc0 0000000004e6f140 ICHAC97 NABM
I/O Port R0 ranges (pVM=00000000058d0000)
Range     pDevIns          In               Out              pvUser           Description
0020-0021 00000000066adb60 fffff8019a9d6b40 fffff8019a9d6c00 0000000000000000 i8259 PIC #0
0040-0043 00000000066ae030 fffff8019a9d5e30 fffff8019a9d5fe0 0000000000000000 i8254 Programmable Interval Timer
0060-0060 00000000066ace50 fffff8019a9d47a0 fffff8019a9d4810 0000000000000000 PC Keyboard - Data
0064-0064 00000000066ace50 fffff8019a9d4840 fffff8019a9d4870 0000000000000000 PC Keyboard - Command / Status
0070-0073 00000000066ae510 fffff8019a9d6fb0 fffff8019a9d7110 0000000000000000 MC146818 RTC/CMOS
00a0-00a1 00000000066adb60 fffff8019a9d6b40 fffff8019a9d6c00 0000000000000001 i8259 PIC #1
0170-0170 00000000066bcc40 fffff8019a9d8cf0 fffff8019a9d8c30 0000000000000001 ATA I/O Base 1 - Data
0171-0177 00000000066bcc40 fffff8019a9d93c0 fffff8019a9d9340 0000000000000001 ATA I/O Base 1 - Other
01ce-01ce 0000000008a10000 fffff8019a9d35b0 fffff8019a9d34c0 0000000000000000 VGA/VBE - Index (GC)
01cf-01cf 0000000008a10000 fffff8019a9d3520 fffff8019a9d3430 0000000000000000 VGA/VBE - Data (GC)
01f0-01f0 00000000066bcc40 fffff8019a9d8cf0 fffff8019a9d8c30 0000000000000000 ATA I/O Base 1 - Data
01f1-01f7 00000000066bcc40 fffff8019a9d93c0 fffff8019a9d9340 0000000000000000 ATA I/O Base 1 - Other
0376-0376 00000000066bcc40 fffff8019a9d94e0 fffff8019a9d9460 0000000000000001 ATA I/O Base 2
03b4-03b5 0000000008a10000 fffff8019a9d3390 fffff8019a9d3310 0000000000000000 VGA - 3b4 (GC)
03b7-03b7 0000000008a10000 fffff8019a9d4100 fffff8019a9d4110 0000000000000000 VGA BIOS debug/panic
03ba-03ba 0000000008a10000 fffff8019a9d3390 fffff8019a9d3310 0000000000000000 VGA - 3ba (GC)
03c0-03cf 0000000008a10000 fffff8019a9d3390 fffff8019a9d3310 0000000000000000 VGA - 3c0 (GC)
03d4-03d5 0000000008a10000 fffff8019a9d3390 fffff8019a9d3310 0000000000000000 VGA - 3d4 (GC)
03da-03da 0000000008a10000 fffff8019a9d3390 fffff8019a9d3310 0000000000000000 VGA - 3da (GC)
03f6-03f6 00000000066bcc40 fffff8019a9d94e0 fffff8019a9d9460 0000000000000000 ATA I/O Base 2
04d0-04d0 00000000066adb60 fffff8019a9d6c90 fffff8019a9d6d10 00000000066adc60 i8259 PIC #0 - elcr
04d1-04d1 00000000066adb60 fffff8019a9d6c90 fffff8019a9d6d10 00000000066adca8 i8259 PIC #1 - elcr
0cf8-0cf8 00000000066abe60 fffff8019a9d1380 fffff8019a9d1330 0000000000000000 i440FX (PCI)
0cfc-0cff 00000000066abe60 fffff8019a9d1460 fffff8019a9d13e0 0000000000000000 i440FX (PCI)
4008-4008 00000000066c2ba0 fffff8019a9d5620 0000000000000000 0000000000000000 ACPI PM Timer
d000-d007 00000000066bcc40 fffff8019a9d9100 fffff8019a9d9250 0000000000000000 ATA Bus Master DMA
d008-d00f 00000000066bcc40 fffff8019a9d9100 fffff8019a9d9250 0000000000000001 ATA Bus Master DMA
d020-d02f 00000000066be470 fffff8019a9dbba0 fffff8019a9dbc80 0000000000000000 PCNet aprom
d030-d03f 00000000066be470 fffff8019a9dc160 fffff8019a9dcaf0 0000000000000000 PCNet
I/O Port GC ranges (pVM=00000000058d0000)
Range     pDevIns  In       Out      pvUser   Description
!!
!! {irqroute}
!!
PCI interrupt router at: 00:01:0
PIRQA -> IRQ11
PIRQB -> IRQ11
PIRQC -> IRQ10
PIRQD -> IRQ9
!!
!! {ldtguest}
!!
Guest LDT (Sel=0): Null-Selector
!!
!! {mmio}
!!
MMIO ranges (pVM=00000000058d0000)
GC Phys Range                     pDevIns          Read             Write            Fill             pvUser           Description
00000000000a0000-00000000000bffff 0000000008a10000 00007fff67ee7c10 00007fff67ee7dd0 00007fff67ee7be0 0000000000000000 VGA - VGA Video Buffer
                               R0 0000000008a10000 fffff8019a9d3c50 fffff8019a9d3e10 fffff8019a9d3c20 0000000000000000
                               RC 00000000 00000000 00000000 00000000 00000000
00000000f0000000-00000000f0000fff 00000000066be470 00007fff67f19540 00007fff67f195e0 0000000000000000 00000000066be570 PCNet
                               R0 0000000000000000 0000000000000000 0000000000000000 0000000000000000 0000000000000000
                               RC 00000000 00000000 00000000 00000000 00000000
00000000f0804000-00000000f0804fff 00000000066c1250 00007fff67f5a0b0 00007fff67f5a110 0000000000000000 0000000000000000 USB OHCI
                               R0 00000000066c1250 fffff8019a9e2a60 fffff8019a9e2ac0 0000000000000000 0000000000000000
                               RC 00000000 00000000 00000000 00000000 00000000
00000000fee00000-00000000fee00fff 00000000066ad7d0 00007fff775324a0 00007fff775339a0 0000000000000000 0000000000000000 APIC
                               R0 00000000066ad7d0 fffff8019a95ff10 fffff8019a961430 0000000000000000 0000000000000000
                               RC 00000000 00000000 00000000 00000000 00000000
!!
!! {nat0}
!!
NAT parameters: MTU=1500
NAT TCP ports:
NAT UDP ports:
NAT ARP cache:
NAT rules:
!!
!! {ohci}
!!
HcControl: 00000200 - CBSR=0 PLE=0 IE=0 CLE=0 BLE=0 HCFS=0x0 IR=0 RWC=1 RWE=0
HcCommandStatus:   00000000 - HCR=0 CLF=0 BLF=0 OCR=0 SOC=0
HcInterruptStatus: 00000000 - SO=0 WDH=0 SF=0 RD=0 UE=0 FNO=0 RHSC=0 OC=0
HcInterruptEnable: 80000000 - SO=0 WDH=0 SF=0 RD=0 UE=0 FNO=0 RHSC=0 OC=0 MIE=1
HcHCCA: 00000000
HcPeriodCurrentED:  00000000
HcControlHeadED:    00000000
HcControlCurrentED: 00000000
HcBulkHeadED:       00000000
HcBulkCurrentED:    00000000
HcDoneHead:         00000000

!!
!! {pci}
!!
00:00:00 i440FX: 8086-1237
        Command: 00 00, Status: 00 00
        Bus master: No
00:01:00 PIIX3: 8086-7000
        Command: 07 00, Status: 00 02
        Bus master: Yes
00:01:01 piix3ide: 8086-7111
        IO region #4: d000..d010
        Command: 07 00, Status: 00 00
        Bus master: Yes
00:02:00 vga: 80ee-beef IRQ11 (INTA#->IRQ18)
        MMIO32 PREFETCH region #0: e0000000..e0800000
        Command: 07 00, Status: 00 00
        Bus master: Yes
00:03:00 pcnet: 1022-2000 IRQ10 (INTA#->IRQ19)
        IO region #0: d020..d040
        MMIO32 region #1: f0000000..f0001000
        Command: 07 00, Status: 80 02
        Bus master: Yes
00:04:00 VMMDev: 80ee-cafe IRQ9 (INTA#->IRQ20)
        IO region #0: d040..d060
        MMIO32 region #1: f0400000..f0800000
        MMIO32 PREFETCH region #2: f0800000..f0804000
        Command: 07 00, Status: 00 00
        Bus master: Yes
00:05:00 ichac97: 8086-2415 IRQ11 (INTA#->IRQ21)
        IO region #0: d100..d200
        IO region #1: d200..d240
        Command: 07 00, Status: 80 02
        Bus master: Yes
00:06:00 usb-ohci: 106b-003f IRQ11 (INTA#->IRQ22)
        MMIO32 region #0: f0804000..f0805000
        Command: 07 00, Status: 10 00
        Bus master: Yes
00:07:00 acpi: 8086-7113 IRQ9 (INTA#->IRQ23)
        Command: 07 00, Status: 80 02
        Bus master: Yes
!!
!! {pciirq}
!!
PCI I/O APIC IRQ levels:
  IRQ16: 0
  IRQ17: 0
  IRQ18: 0
  IRQ19: 0
  IRQ20: 0
  IRQ21: 0
  IRQ22: 0
  IRQ23: 0
!!
!! {pcnet0}
!!
pcnet #0: port=d020 mmio=f0000000 mac-cfg=08:00:27:a9:59:80 Am79C973 RC R0
CSR0=0x0004:
CSR1=0x0000:
CSR2=0x0000:
CSR3=0x0000: BSWP=0 EMBA=0 DXMT2PD=0 LAPPEN=0 DXSUFLO=0 IDONM=0 TINTM=0 RINTM=0 MERRM=0 MISSM=0 BABLM=0
CSR4=0x0115: JABM=1 JAB=0 TXSTRM=1 TXSTRT=0 RCVCOOM=1 RCVCCO=0 UINT=0 UINTCMD=0
              MFCOM=1 MFCO=0 ASTRP_RCV=0 APAD_XMT=0 DPOLL=0 TIMER=0 EMAPLUS=0 EN124=0
CSR5=0x0000:
CSR6=0x0000: RLEN=0x0* TLEN=0x0* [* encoded]
CSR8..11=0x0000,0x0000,0x0000,0x0000: LADRF=0x0000000000000000
CSR12..14=0x0008,0xa927,0x8059: PADR=08:00:27:a9:59:80 (Current MAC Address)
CSR15=0x0000: DXR=0 DTX=0 LOOP=0 DXMTFCS=0 FCOLL=0 DRTY=0 INTL=0 PORTSEL=0 LTR=0
              MENDECL=0 DAPC=0 DLNKTST=0 DRCVPV=0 DRCVBC=0 PROM=0
CSR46=0x0000: POLL=0x0000 (Poll Time Counter)
CSR47=0x0000: POLLINT=0x0000 (Poll Time Interval)
CSR58=0x0200: SWSTYLE=0 C-LANCE / PCnet-ISA SSIZE32=0 CSRPCNET=1 APERRENT=0
CSR112=0000: MFC=0000 (Missed receive Frame Count)
CSR122=0000: RCVALGN=0000 (Receive Frame Align)
CSR124=0000: RPA=0000 (Runt Packet Accept)
RCVRL=0001 RCVRC=0001  GCRDRA=0 
CRDA=00000000 CRBA=00000000 CRBC=000 CRST=0000
NRDA=00000000 NRBA=00000000 NRBC=000 NRST=0000
NNRDA=00000000
XMTRL=0001 XMTRC=0001  GCTDRA=00000000 BADX=00000000
PXDA=00000000               PXBC=000 PXST=0000
CXDA=00000000 CXBA=00000000 CXBC=000 CXST=0000
NXDA=00000000 NXBA=00000000 NXBC=000 NXST=0000
NNXDA=00000000
!!
!! {pdmtracingids}
!!
Device tracing IDs:
00001  pcarch
00002  pcbios
00003  pci
00004  pckbd
00005  apic
00006  i8259
00007  i8254
00008  mc146818
00009  8237A
00010  VMMDev
00011  vga
00012  piix3ide
00013  pcnet
00014  ichac97
00015  usb-ohci
00016  acpi
USB device tracing IDs:
Driver tracing IDs:
01025  KeyboardQueue (level 0, lun 0, dev pckbd)
01026  MainKeyboard (level 1, lun 0, dev pckbd)
01027  MouseQueue (level 0, lun 1, dev pckbd)
01028  MainMouse (level 1, lun 1, dev pckbd)
01029  HGCM (level 0, lun 0, dev VMMDev)
01030  MainStatus (level 0, lun 999, dev VMMDev)
01031  MainDisplay (level 0, lun 0, dev vga)
01032  MainStatus (level 0, lun 999, dev vga)
01033  MainStatus (level 0, lun 999, dev piix3ide)
01034  VD (level 0, lun 0, dev piix3ide)
01035  VD (level 0, lun 2, dev piix3ide)
01036  MainStatus (level 0, lun 999, dev pcnet)
01037  NAT (level 0, lun 0, dev pcnet)
01038  AUDIO (level 0, lun 0, dev ichac97)
01039  DSoundAudio (level 1, lun 0, dev ichac97)
01040  AUDIO (level 0, lun 1, dev ichac97)
01041  AudioVRDE (level 1, lun 1, dev ichac97)
01042  VUSBRootHub (level 0, lun 0, dev usb-ohci)
01043  MainStatus (level 0, lun 999, dev usb-ohci)
01044  ACPIHost (level 0, lun 0, dev acpi)
!!
!! {phys}
!!
RAM ranges (pVM=00000000058d0000)
GC Phys Range                     pvHC            
0000000000000000-0000000003ffffff 0000000000000000 Base RAM
00000000e0000000-00000000e05fffff 0000000008a30000 VRam
00000000f0000000-00000000f0000fff 0000000000000000 PCNet
00000000f0400000-00000000f07fffff 0000000008500000 VMMDev
00000000f0800000-00000000f0803fff 0000000008900000 VMMDev Heap
00000000f0804000-00000000f0804fff 0000000000000000 USB OHCI
00000000fee00000-00000000fee00fff 0000000000000000 APIC
00000000ffff0000-00000000ffffffff 0000000000000000 PC BIOS - 0xffffffff
!!
!! {pic}
!!
PIC0:
 IMR :b8 ISR   :01 IRR   :00 LIRR:01
 Base:08 PriAdd:00 RegSel:00
 Poll:00 SpMask:00 IState:00
 AEOI:00 Rotate:00 FNest :00 Ini4:01
 ELCR:00 ELMask:f8
PIC1:
 IMR :8f ISR   :00 IRR   :00 LIRR:00
 Base:70 PriAdd:00 RegSel:00
 Poll:00 SpMask:00 IState:00
 AEOI:00 Rotate:00 FNest :00 Ini4:01
 ELCR:0e ELMask:de
!!
!! {pit}
!!
PIT (i8254) channel 0 status: irq=0x0
      count=00010000  latched_count=0000  count_latched=00
           status=00   status_latched=00     read_state=03
      write_state=03      write_latch=00        rw_mode=03
             mode=02              bcd=00           gate=01
  count_load_time=0000000096e04e1f next_transition_time=00000000b11110e9
      u64ReloadTS=00000000adcaf890            u64NextTS=00000000b11110e9
PIT (i8254) channel 1 status: irq=0x0
      count=00010000  latched_count=0000  count_latched=00
           status=00   status_latched=00     read_state=00
      write_state=00      write_latch=00        rw_mode=00
             mode=03              bcd=00           gate=01
  count_load_time=0000000000000000 next_transition_time=0000000000000000
      u64ReloadTS=0000000000000000            u64NextTS=ffffffffffffffff
PIT (i8254) channel 2 status: irq=0x0
      count=00010000  latched_count=0000  count_latched=00
           status=00   status_latched=00     read_state=00
      write_state=00      write_latch=00        rw_mode=00
             mode=03              bcd=00           gate=00
  count_load_time=0000000000000000 next_transition_time=0000000000000000
      u64ReloadTS=0000000000000000            u64NextTS=ffffffffffffffff
speaker_data_on=0x0
!!
!! {plugins}
!!
No plug-ins loaded
!!
!! {ps2k}
!!
PS/2 Keyboard: scan set 2, scanning enabled
Active command 00
LED state 00, Num Lock off
Typematic delay 500ms, repeat period 91ms
Command queue: 0 items (4 max)
Input queue  : 0 items (64 max)
!!
!! {ps2m}
!!
PS/2 mouse state: normal, stream mode, reporting disabled
Protocol: PS/2, scaling 1:1
Active command 00
Sampling rate 100 reports/sec, resolution 4 counts/mm
Command queue: 0 items (8 max)
Event queue  : 0 items (256 max)
!!
!! {rtc}
!!
Time: 22:36:41  Date: 16-08-09
REG A=26 B=02 C=00 D=80
!!
!! {tracebuf}
!!
Tracing is disable
!!
!! {vbe}
!!
LFB at 00000000e0000000
VBE disabled
!!
!! {vga}
!!
pixel clock: 28.322 MHz
double scanning off
double clocking off
htotal: 900 px (100 cclk)
vtotal: 449 px
hdisp : 720 px (80 cclk)
vdisp : 400 px
split : 1023 ln
start : 0x0
char height 16
text mode 80x25
cbLine:   0x280
offStart: 0x0 (line 0x0)
display refresh interval: 20 ms
!!
!! {vgaar}
!!
VGA Attribute Controller (3C0): index reg 20, flip-flop: 0 (index)
 Palette: 00 01 02 03 04 05 14 07 38 39 3A 3B 3C 3D 3E 3F
 AR10:0C AR11:00 AR12:0F AR13:08 AR14:00
!!
!! {vgacr}
!!
VGA CRTC (3D5): CRTC index 3D4:0F
 CR00:5F CR01:4F CR02:50 CR03:82 CR04:55 CR05:81 CR06:BF CR07:1F CR08:00 CR09:4F
 CR0A:0E CR0B:0F CR0C:00 CR0D:00 CR0E:02 CR0F:30 CR10:9C CR11:8E CR12:8F CR13:28
 CR14:1F CR15:96 CR16:B9 CR17:A3 CR18:FF
!!
!! {vgadac}
!!
VGA DAC contents:
 00: 00 00 00
 01: 00 00 2A
 02: 00 2A 00
 03: 00 2A 2A
 04: 2A 00 00
 05: 2A 00 2A
 06: 2A 2A 00
 07: 2A 2A 2A
 08: 00 00 15
 09: 00 00 3F
 0A: 00 2A 15
 0B: 00 2A 3F
 0C: 2A 00 15
 0D: 2A 00 3F
 0E: 2A 2A 15
 0F: 2A 2A 3F
 10: 00 15 00
 11: 00 15 2A
 12: 00 3F 00
 13: 00 3F 2A
 14: 2A 15 00
 15: 2A 15 2A
 16: 2A 3F 00
 17: 2A 3F 2A
 18: 00 15 15
 19: 00 15 3F
 1A: 00 3F 15
 1B: 00 3F 3F
 1C: 2A 15 15
 1D: 2A 15 3F
 1E: 2A 3F 15
 1F: 2A 3F 3F
 20: 15 00 00
 21: 15 00 2A
 22: 15 2A 00
 23: 15 2A 2A
 24: 3F 00 00
 25: 3F 00 2A
 26: 3F 2A 00
 27: 3F 2A 2A
 28: 15 00 15
 29: 15 00 3F
 2A: 15 2A 15
 2B: 15 2A 3F
 2C: 3F 00 15
 2D: 3F 00 3F
 2E: 3F 2A 15
 2F: 3F 2A 3F
 30: 15 15 00
 31: 15 15 2A
 32: 15 3F 00
 33: 15 3F 2A
 34: 3F 15 00
 35: 3F 15 2A
 36: 3F 3F 00
 37: 3F 3F 2A
 38: 15 15 15
 39: 15 15 3F
 3A: 15 3F 15
 3B: 15 3F 3F
 3C: 3F 15 15
 3D: 3F 15 3F
 3E: 3F 3F 15
 3F: 3F 3F 3F
 40: 00 00 00
 41: 00 00 00
 42: 00 00 00
 43: 00 00 00
 44: 00 00 00
 45: 00 00 00
 46: 00 00 00
 47: 00 00 00
 48: 00 00 00
 49: 00 00 00
 4A: 00 00 00
 4B: 00 00 00
 4C: 00 00 00
 4D: 00 00 00
 4E: 00 00 00
 4F: 00 00 00
 50: 00 00 00
 51: 00 00 00
 52: 00 00 00
 53: 00 00 00
 54: 00 00 00
 55: 00 00 00
 56: 00 00 00
 57: 00 00 00
 58: 00 00 00
 59: 00 00 00
 5A: 00 00 00
 5B: 00 00 00
 5C: 00 00 00
 5D: 00 00 00
 5E: 00 00 00
 5F: 00 00 00
 60: 00 00 00
 61: 00 00 00
 62: 00 00 00
 63: 00 00 00
 64: 00 00 00
 65: 00 00 00
 66: 00 00 00
 67: 00 00 00
 68: 00 00 00
 69: 00 00 00
 6A: 00 00 00
 6B: 00 00 00
 6C: 00 00 00
 6D: 00 00 00
 6E: 00 00 00
 6F: 00 00 00
 70: 00 00 00
 71: 00 00 00
 72: 00 00 00
 73: 00 00 00
 74: 00 00 00
 75: 00 00 00
 76: 00 00 00
 77: 00 00 00
 78: 00 00 00
 79: 00 00 00
 7A: 00 00 00
 7B: 00 00 00
 7C: 00 00 00
 7D: 00 00 00
 7E: 00 00 00
 7F: 00 00 00
 80: 00 00 00
 81: 00 00 00
 82: 00 00 00
 83: 00 00 00
 84: 00 00 00
 85: 00 00 00
 86: 00 00 00
 87: 00 00 00
 88: 00 00 00
 89: 00 00 00
 8A: 00 00 00
 8B: 00 00 00
 8C: 00 00 00
 8D: 00 00 00
 8E: 00 00 00
 8F: 00 00 00
 90: 00 00 00
 91: 00 00 00
 92: 00 00 00
 93: 00 00 00
 94: 00 00 00
 95: 00 00 00
 96: 00 00 00
 97: 00 00 00
 98: 00 00 00
 99: 00 00 00
 9A: 00 00 00
 9B: 00 00 00
 9C: 00 00 00
 9D: 00 00 00
 9E: 00 00 00
 9F: 00 00 00
 A0: 00 00 00
 A1: 00 00 00
 A2: 00 00 00
 A3: 00 00 00
 A4: 00 00 00
 A5: 00 00 00
 A6: 00 00 00
 A7: 00 00 00
 A8: 00 00 00
 A9: 00 00 00
 AA: 00 00 00
 AB: 00 00 00
 AC: 00 00 00
 AD: 00 00 00
 AE: 00 00 00
 AF: 00 00 00
 B0: 00 00 00
 B1: 00 00 00
 B2: 00 00 00
 B3: 00 00 00
 B4: 00 00 00
 B5: 00 00 00
 B6: 00 00 00
 B7: 00 00 00
 B8: 00 00 00
 B9: 00 00 00
 BA: 00 00 00
 BB: 00 00 00
 BC: 00 00 00
 BD: 00 00 00
 BE: 00 00 00
 BF: 00 00 00
 C0: 00 00 00
 C1: 00 00 00
 C2: 00 00 00
 C3: 00 00 00
 C4: 00 00 00
 C5: 00 00 00
 C6: 00 00 00
 C7: 00 00 00
 C8: 00 00 00
 C9: 00 00 00
 CA: 00 00 00
 CB: 00 00 00
 CC: 00 00 00
 CD: 00 00 00
 CE: 00 00 00
 CF: 00 00 00
 D0: 00 00 00
 D1: 00 00 00
 D2: 00 00 00
 D3: 00 00 00
 D4: 00 00 00
 D5: 00 00 00
 D6: 00 00 00
 D7: 00 00 00
 D8: 00 00 00
 D9: 00 00 00
 DA: 00 00 00
 DB: 00 00 00
 DC: 00 00 00
 DD: 00 00 00
 DE: 00 00 00
 DF: 00 00 00
 E0: 00 00 00
 E1: 00 00 00
 E2: 00 00 00
 E3: 00 00 00
 E4: 00 00 00
 E5: 00 00 00
 E6: 00 00 00
 E7: 00 00 00
 E8: 00 00 00
 E9: 00 00 00
 EA: 00 00 00
 EB: 00 00 00
 EC: 00 00 00
 ED: 00 00 00
 EE: 00 00 00
 EF: 00 00 00
 F0: 00 00 00
 F1: 00 00 00
 F2: 00 00 00
 F3: 00 00 00
 F4: 00 00 00
 F5: 00 00 00
 F6: 00 00 00
 F7: 00 00 00
 F8: 00 00 00
 F9: 00 00 00
 FA: 00 00 00
 FB: 00 00 00
 FC: 00 00 00
 FD: 00 00 00
 FE: 00 00 00
 FF: 00 00 00
!!
!! {vgagr}
!!
VGA Graphics Controller (3CF): GR index 3CE:05
 GR00:00 GR01:00 GR02:00 GR03:00 GR04:00 GR05:10 GR06:0E GR07:0F GR08:FF
!!
!! {vgapl}
!!
read mode     : 0     write mode: 0
set/reset data: 00    S/R enable: 00
color compare : 00    read map  : 0
rotate        : 0     function  : 0
don't care    : 0F    bit mask  : FF
seq plane mask: 03    chain-4   : off
!!
!! {vgasr}
!!
VGA Sequencer (3C5): SR index 3C4:03
 SR00:03 SR01:00 SR02:03 SR03:00 SR04:02
!!
!! {vgatext}
!!
------------------------------------ 80x25 -------------------------------------
                                                                                
                                                                                
                                                                                
                                                                                
                                                                                
                                                                                
                                                                                
                                                                                
                                                                                
                                                                                
                                                                                
                                                                                
                                                                                
                                                                                
                                                                                
                                                                                
                                                                                
                                                                                
                                                                                
                                                                                
                                                                                
                                                                                
                                                                                
                                                                                
                                                                                
--------------------------------------------------------------------------------
!!!!!!!!!!!!!!!!!!!!!!!!!!!!!!!!!!!!!!!!!!!!!!!!!!!!!!!!!!!!!!!!!!!!!!
